#Software: 代码生成器
#ProcessID: 4808
#AppDomain: XCoder.exe
#BaseDirectory: d:\我的文档\SharpDevelop Projects\DotNet1117\DotNet-Asxinyu\ResouceFiles\Lib\
#Date: 2011-11-21
#Fields: Time ThreadID IsPoolThread ThreadName Message
21:10:32.531 1 N - System.TypeLoadException: 未能从程序集“NewLife.Core, Version=3.3.4336.37464, Culture=neutral, PublicKeyToken=null”中加载类型“System.Linq.Enumerable”。
   在 XCoder.Engine.IsKeyWord(String name)
   在 XCoder.Engine.FixTable(List`1 tables)
   在 XCoder.Engine.<get_Tables>b__0(String k)
   在 NewLife.Collections.DictionaryCache`2.GetItem(TKey key, Func`2 func, Boolean cacheDefault) 位置 E:\X\Src\NewLife.Core\Collections\DictionaryCache.cs:行号 67
   在 NewLife.Collections.DictionaryCache`2.GetItem(TKey key, Func`2 func) 位置 E:\X\Src\NewLife.Core\Collections\DictionaryCache.cs:行号 48
   在 XCoder.Engine.get_Tables()
   在 XCoder.FrmMain.bt_Connection_Click(Object sender, EventArgs e)
   在 System.Windows.Forms.Control.OnClick(EventArgs e)
   在 System.Windows.Forms.Button.OnClick(EventArgs e)
   在 System.Windows.Forms.Button.OnMouseUp(MouseEventArgs mevent)
   在 System.Windows.Forms.Control.WmMouseUp(Message& m, MouseButtons button, Int32 clicks)
   在 System.Windows.Forms.Control.WndProc(Message& m)
   在 System.Windows.Forms.ButtonBase.WndProc(Message& m)
   在 System.Windows.Forms.Button.WndProc(Message& m)
   在 System.Windows.Forms.Control.ControlNativeWindow.OnMessage(Message& m)
   在 System.Windows.Forms.Control.ControlNativeWindow.WndProc(Message& m)
   在 System.Windows.Forms.NativeWindow.Callback(IntPtr hWnd, Int32 msg, IntPtr wparam, IntPtr lparam)
