#Software: .
#ProcessID: 3488
#AppDomain: d4ebf47e-1-129651893660900000
#BaseDirectory: E:\X\Src\WebSite1\
#Date: 2011-11-08
#Fields: Time ThreadID IsPoolThread ThreadName Message
09:29:29.120 5 Y - XCode 文件版本8.2.2011.1107 编译时间2011-11-07 17:54:26
09:29:29.268 5 Y - 开始初始化实体类Administrator
09:29:29.276 5 Y - 完成初始化实体类Administrator
09:29:29.449 5 Y - 开始检查连接[Common/SQLite]的数据库架构……
09:29:29.602 5 Y - 检查连接[Common/SQLite]的数据库架构耗时00:00:00.1525588
09:29:30.631 5 Y - 开始检查表[Administrator/SQLite]的数据表架构……
09:29:30.891 5 Y - 检查表[Administrator/SQLite]的数据表架构耗时00:00:00.2597326
09:29:31.039 5 Y - 开始初始化实体类Log
09:29:31.039 5 Y - 完成初始化实体类Log
09:29:31.060 5 Y - 开始检查表[Log/SQLite]的数据表架构……
09:29:31.094 5 Y - 检查表[Log/SQLite]的数据表架构耗时00:00:00.0339646
09:29:31.107 5 Y - 开始初始化实体类Menu
09:29:31.107 5 Y - 完成初始化实体类Menu
09:29:31.132 5 Y - 开始检查表[Menu/SQLite]的数据表架构……
09:29:31.165 5 Y - 检查表[Menu/SQLite]的数据表架构耗时00:00:00.0335458
09:29:31.200 5 Y - 开始初始化实体类Role
09:29:31.201 5 Y - 完成初始化实体类Role
09:29:31.201 5 Y - 开始检查表[Role/SQLite]的数据表架构……
09:29:31.261 5 Y - 检查表[Role/SQLite]的数据表架构耗时00:00:00.0594152
09:29:31.297 5 Y - 开始初始化实体类RoleMenu
09:29:31.297 5 Y - 完成初始化实体类RoleMenu
09:29:31.303 5 Y - 开始检查表[RoleMenu/SQLite]的数据表架构……
09:29:31.341 5 Y - 检查表[RoleMenu/SQLite]的数据表架构耗时00:00:00.0381406

#Software: .
#ProcessID: 3488
#AppDomain: d4ebf47e-2-129651898804250000
#BaseDirectory: E:\X\Src\WebSite1\
#Date: 2011-11-08
#Fields: Time ThreadID IsPoolThread ThreadName Message
09:38:06.509 13 Y - XCode 文件版本8.2.2011.1107 编译时间2011-11-08 09:37:28
09:38:06.517 13 Y - 开始初始化实体类Admin
09:38:06.519 13 Y - 完成初始化实体类Admin
09:38:06.645 9 Y - 开始检查连接[YWS/SQLite]的数据库架构……
09:38:06.749 9 Y - YWS实体个数：7
09:38:06.822 9 Y - GetSchema("MetaDataCollections")
09:38:07.147 9 Y - GetSchema("Tables")
09:38:07.156 9 Y - GetSchema("Columns")
09:38:07.368 9 Y - GetSchema("Indexes")
09:38:07.370 9 Y - GetSchema("IndexColumns")
09:38:07.386 9 Y - GetSchema("DataTypes")
09:38:07.453 9 Y - 检查连接[YWS/SQLite]的数据库架构耗时00:00:00.8085109
09:38:07.483 13 Y - GetSchema("ReservedWords")
09:38:07.500 11 Y - Select Count(*) From Admin
09:38:07.506 13 Y - Select * From Admin
09:38:07.587 9 Y - Update Admin Set Logins=3, LastLogin='2011-11-08 09:38:07' Where ID=1
09:38:07.616 9 Y - 开始初始化实体类Log
09:38:07.616 9 Y - 完成初始化实体类Log
09:38:07.634 9 Y - 开始检查连接[Common/SQLite]的数据库架构……
09:38:07.639 9 Y - 检查连接[Common/SQLite]的数据库架构耗时00:00:00.0054434
09:38:07.643 9 Y - GetSchema("MetaDataCollections")
09:38:07.644 9 Y - GetSchema("ReservedWords")
09:38:07.647 9 Y - 开始检查表[Log/SQLite]的数据表架构……
09:38:07.647 9 Y - GetSchema("Tables")
09:38:07.647 9 Y - GetSchema("Columns")
09:38:07.681 9 Y - GetSchema("Indexes")
09:38:07.682 9 Y - GetSchema("IndexColumns")
09:38:07.684 9 Y - GetSchema("DataTypes")
09:38:07.687 9 Y - 检查表[Log/SQLite]的数据表架构耗时00:00:00.0403358
09:38:07.690 9 Y - Insert Into Log(Category, Action, UserID, UserName, IP, OccurTime, Remark) Values('管理员', '自动登录', 0, null, '127.0.0.1', '2011-11-08 09:38:07', 'admin');Select last_insert_rowid() newid
09:38:07.702 13 Y - Insert Into Log(Category, Action, UserID, UserName, IP, OccurTime, Remark) Values('管理员', '自动登录', 0, null, '127.0.0.1', '2011-11-08 09:38:07', 'admin');Select last_insert_rowid() newid
09:38:07.705 9 Y - 开始初始化实体类Menu
09:38:07.705 9 Y - 完成初始化实体类Menu
09:38:07.730 9 Y - 开始检查表[Menu/SQLite]的数据表架构……
09:38:07.731 9 Y - GetSchema("Tables")
09:38:07.731 9 Y - GetSchema("Columns")
09:38:07.747 13 Y - Select * From Menu
09:38:07.770 9 Y - GetSchema("Indexes")
09:38:07.771 9 Y - GetSchema("IndexColumns")
09:38:07.777 9 Y - 检查表[Menu/SQLite]的数据表架构耗时00:00:00.0462486
09:38:07.777 9 Y - Select * From Menu Where Name='MacDoc' Order By ID Desc limit 1
09:38:07.783 11 Y - Select Count(*) From Menu
09:38:07.800 9 Y - 开始初始化实体类Role
09:38:07.801 9 Y - 完成初始化实体类Role
09:38:07.802 9 Y - 开始检查表[Role/SQLite]的数据表架构……
09:38:07.802 9 Y - GetSchema("Tables")
09:38:07.803 9 Y - GetSchema("Columns")
09:38:07.832 9 Y - GetSchema("Indexes")
09:38:07.833 9 Y - GetSchema("IndexColumns")
09:38:07.836 9 Y - 检查表[Role/SQLite]的数据表架构耗时00:00:00.0346452
09:38:07.850 11 Y - Select Count(*) From Role
09:38:07.855 9 Y - Select * From Role
09:38:07.867 11 Y - 开始初始化实体类RoleMenu
09:38:07.867 11 Y - 完成初始化实体类RoleMenu
09:38:07.872 11 Y - 开始检查表[RoleMenu/SQLite]的数据表架构……
09:38:07.873 11 Y - GetSchema("Tables")
09:38:07.873 11 Y - GetSchema("Columns")
09:38:07.901 11 Y - GetSchema("Indexes")
09:38:07.902 11 Y - GetSchema("IndexColumns")
09:38:07.905 11 Y - 检查表[RoleMenu/SQLite]的数据表架构耗时00:00:00.0330565
09:38:07.906 11 Y - Select * From RoleMenu Where RoleID Not In(1) Or MenuID Not In(1,2,3,4,5,6,7,8,9,10,11,12,13,14,15,16,17,18,19,20,21,22)
09:38:07.907 11 Y - Select Count(*) From RoleMenu
09:38:07.921 13 Y - Select * From RoleMenu
09:38:08.572 9 Y - Select * From Admin Order By ID Desc limit 2000
09:38:25.148 11 Y - Select * From Admin Where ID=1
09:38:33.426 12 Y - Select * From Menu Where ID=10
09:38:44.074 11 Y - Select * From Menu Where ID=12
10:05:27.509 12 Y - Select * From Admin
10:05:27.515 12 Y - Update Admin Set Logins=4, LastLogin='2011-11-08 10:05:27' Where ID=1
10:05:27.517 12 Y - Insert Into Log(Category, Action, UserID, UserName, IP, OccurTime, Remark) Values('管理员', '自动登录', 0, null, '127.0.0.1', '2011-11-08 10:05:27', 'admin');Select last_insert_rowid() newid
10:05:27.520 12 Y - Select * From Admin Where ID=1
10:06:39.296 12 Y - Select * From Admin Order By ID Desc limit 2000
10:09:20.709 12 Y - Insert Into Log(Category, Action, UserID, UserName, IP, OccurTime, Remark) Values('菜单', '修改', 1, '管理员', '127.0.0.1', '2011-11-08 10:09:20', '用户信息');Select last_insert_rowid() newid
10:09:20.719 12 Y - Select Count(*) From Menu Where ID=2
10:09:20.722 12 Y - Update Menu Set Name='用户信息', Permission='用户信息' Where ID=12
10:09:20.731 12 Y - Select * From Menu

#Software: .
#ProcessID: 4680
#AppDomain: d4ebf47e-1-129651921474040000
#BaseDirectory: E:\X\Src\WebSite1\
#Date: 2011-11-08
#Fields: Time ThreadID IsPoolThread ThreadName Message
10:15:52.077 5 Y - XCode 文件版本8.2.2011.1107 编译时间2011-11-08 09:37:28
10:15:52.086 5 Y - 开始初始化实体类Admin
10:15:52.089 5 Y - 完成初始化实体类Admin
10:15:52.208 5 Y - 开始检查连接[YWS/SQLite]的数据库架构……
10:15:52.312 5 Y - YWS实体个数：7
10:15:52.721 5 Y - GetSchema("MetaDataCollections")
10:15:53.003 5 Y - GetSchema("Tables")
10:15:53.012 5 Y - GetSchema("Columns")
10:15:53.231 5 Y - GetSchema("Indexes")
10:15:53.234 5 Y - GetSchema("IndexColumns")
10:15:53.249 5 Y - GetSchema("DataTypes")
10:15:53.328 5 Y - 检查连接[YWS/SQLite]的数据库架构耗时00:00:01.1189137
10:15:53.366 5 Y - GetSchema("ReservedWords")
10:15:53.378 5 Y - Select * From Admin
10:15:53.472 5 Y - Update Admin Set Logins=5, LastLogin='2011-11-08 10:15:53' Where ID=1
10:15:53.502 5 Y - 开始初始化实体类Log
10:15:53.502 5 Y - 完成初始化实体类Log
10:15:53.521 5 Y - 开始检查连接[Common/SQLite]的数据库架构……
10:15:53.525 5 Y - 检查连接[Common/SQLite]的数据库架构耗时00:00:00.0043948
10:15:53.529 5 Y - GetSchema("MetaDataCollections")
10:15:53.529 5 Y - GetSchema("ReservedWords")
10:15:53.532 5 Y - 开始检查表[Log/SQLite]的数据表架构……
10:15:53.532 5 Y - GetSchema("Tables")
10:15:53.533 5 Y - GetSchema("Columns")
10:15:53.561 5 Y - GetSchema("Indexes")
10:15:53.562 5 Y - GetSchema("IndexColumns")
10:15:53.564 5 Y - GetSchema("DataTypes")
10:15:53.567 5 Y - 检查表[Log/SQLite]的数据表架构耗时00:00:00.0347920
10:15:53.571 5 Y - Insert Into Log(Category, Action, UserID, UserName, IP, OccurTime, Remark) Values('管理员', '自动登录', 0, null, '127.0.0.1', '2011-11-08 10:15:53', 'admin');Select last_insert_rowid() newid
10:15:53.586 5 Y - 开始初始化实体类Menu
10:15:53.586 5 Y - 完成初始化实体类Menu
10:15:53.612 5 Y - 开始检查表[Menu/SQLite]的数据表架构……
10:15:53.613 5 Y - GetSchema("Tables")
10:15:53.613 5 Y - GetSchema("Columns")
10:15:53.661 5 Y - GetSchema("Indexes")
10:15:53.663 5 Y - GetSchema("IndexColumns")
10:15:53.670 5 Y - 检查表[Menu/SQLite]的数据表架构耗时00:00:00.0571686
10:15:53.670 5 Y - Select * From Menu Where Name='MacDoc' Order By ID Desc limit 1
10:15:53.676 5 Y - Select * From Menu
10:15:53.704 5 Y - 开始初始化实体类Role
10:15:53.705 5 Y - 完成初始化实体类Role
10:15:53.706 5 Y - 开始检查表[Role/SQLite]的数据表架构……
10:15:53.706 5 Y - GetSchema("Tables")
10:15:53.707 5 Y - GetSchema("Columns")
10:15:53.749 5 Y - GetSchema("Indexes")
10:15:53.750 5 Y - GetSchema("IndexColumns")
10:15:53.754 5 Y - 检查表[Role/SQLite]的数据表架构耗时00:00:00.0476873
10:15:53.754 5 Y - Select * From Role
10:15:53.788 5 Y - 开始初始化实体类RoleMenu
10:15:53.789 5 Y - 完成初始化实体类RoleMenu
10:15:53.789 5 Y - 开始检查表[RoleMenu/SQLite]的数据表架构……
10:15:53.789 5 Y - GetSchema("Tables")
10:15:53.790 5 Y - GetSchema("Columns")
10:15:53.819 5 Y - GetSchema("Indexes")
10:15:53.822 5 Y - GetSchema("IndexColumns")
10:15:53.828 5 Y - 检查表[RoleMenu/SQLite]的数据表架构耗时00:00:00.0390626
10:15:53.828 5 Y - Select * From RoleMenu
10:15:53.898 5 Y - Select Count(*) From Admin
10:15:53.904 5 Y - Select Count(*) From Menu
10:15:53.915 5 Y - Select Count(*) From Role
10:15:53.933 5 Y - Select * From RoleMenu Where RoleID Not In(1) Or MenuID Not In(1,2,3,4,5,6,7,8,9,10,11,12,13,14,15,16,17,18,19,20,21,22)
10:15:53.934 5 Y - Select Count(*) From RoleMenu
10:17:47.750 5 Y - Select * From Admin Order By ID Desc limit 2000
10:17:49.227 5 Y - Select * From Admin Where ID=1
