#Software: .
#ProcessID: 3684
#AppDomain: d4ebf47e-1-129651331997280000
#BaseDirectory: E:\X\Src\WebSite1\
#Date: 2011-11-07
#Fields: Time ThreadID IsPoolThread ThreadName Message
17:53:34.373 5 Y - XCode 文件版本8.2.2011.1107 编译时间2011-11-07 16:57:56
17:53:34.401 5 Y - 开始检查连接[Common/SQLite]的数据库架构……
17:53:34.573 5 Y - 检查连接[Common/SQLite]的数据库架构耗时00:00:00.1722177
17:53:34.643 5 Y - 准备从http://nnhy.org/j?id=3&f=System.Data.SQLite.dll.zip下载相关文件！
17:53:37.023 5 Y - 下载完成，准备解压到E:\X\Src\WebSite1\bin！
17:53:37.102 5 Y - 解压完成！
17:53:38.243 5 Y - 开始检查表[Administrator/SQLite]的数据表架构……
17:53:38.648 5 Y - 创建表：Administrator(管理员)
17:53:38.728 5 Y - 检查表[Administrator/SQLite]的数据表架构耗时00:00:00.4847699
17:53:38.796 5 Y - 开始初始化Administrator管理员数据……
17:53:38.870 5 Y - 完成初始化Administrator管理员数据！
17:53:38.991 5 Y - 开始检查表[Log/SQLite]的数据表架构……
17:53:39.059 5 Y - 检查表[Log/SQLite]的数据表架构耗时00:00:00.0681742
17:53:39.235 5 Y - System.Threading.ThreadAbortException: 正在中止线程。
   在 System.Threading.Thread.AbortInternal()
   在 System.Threading.Thread.Abort(Object stateInfo)
   在 System.Web.HttpResponse.End()
   在 System.Web.HttpResponse.Redirect(String url, Boolean endResponse)
   在 System.Web.HttpResponse.Redirect(String url)
   在 Login.LoginButton_Click(Object sender, EventArgs e) 位置 e:\X\Src\WebSite1\Admin\Login.aspx.cs:行号 49

#Software: .
#ProcessID: 3684
#AppDomain: d4ebf47e-2-129651332192950000
#BaseDirectory: E:\X\Src\WebSite1\
#Date: 2011-11-07
#Fields: Time ThreadID IsPoolThread ThreadName Message
17:53:43.904 5 Y - XCode 文件版本8.2.2011.1107 编译时间2011-11-07 16:57:56
17:53:43.910 5 Y - 开始检查连接[Common/SQLite]的数据库架构……
17:53:44.019 5 Y - 检查连接[Common/SQLite]的数据库架构耗时00:00:00.1091750
17:53:44.439 5 Y - 开始检查表[Administrator/SQLite]的数据表架构……
17:53:44.603 5 Y - 检查表[Administrator/SQLite]的数据表架构耗时00:00:00.1636558
17:53:44.789 5 Y - 开始检查表[Log/SQLite]的数据表架构……
17:53:44.824 5 Y - 检查表[Log/SQLite]的数据表架构耗时00:00:00.0341551
17:53:44.863 5 Y - 开始检查表[Menu/SQLite]的数据表架构……
17:53:44.898 5 Y - 检查表[Menu/SQLite]的数据表架构耗时00:00:00.0347530
17:53:44.932 5 Y - 开始检查表[Role/SQLite]的数据表架构……
17:53:44.966 5 Y - 检查表[Role/SQLite]的数据表架构耗时00:00:00.0337524
17:53:45.006 5 Y - 开始检查表[RoleMenu/SQLite]的数据表架构……
17:53:45.041 5 Y - 检查表[RoleMenu/SQLite]的数据表架构耗时00:00:00.0347921
17:53:51.880 5 Y - System.Web.HttpUnhandledException: 引发类型为“System.Web.HttpUnhandledException”的异常。 ---> System.InvalidOperationException: 必须在 ObjectDataSource“ObjectDataSource1”的 TypeName 属性中指定一个类型。
   在 System.Web.UI.WebControls.ObjectDataSourceView.GetType(String typeName)
   在 System.Web.UI.WebControls.ObjectDataSourceView.ExecuteSelect(DataSourceSelectArguments arguments)
   在 System.Web.UI.DataSourceView.Select(DataSourceSelectArguments arguments, DataSourceViewSelectCallback callback)
   在 System.Web.UI.WebControls.DataBoundControl.PerformSelect()
   在 System.Web.UI.WebControls.BaseDataBoundControl.DataBind()
   在 System.Web.UI.WebControls.GridView.DataBind()
   在 System.Web.UI.WebControls.BaseDataBoundControl.EnsureDataBound()
   在 System.Web.UI.WebControls.CompositeDataBoundControl.CreateChildControls()
   在 System.Web.UI.Control.EnsureChildControls()
   在 System.Web.UI.Control.PreRenderRecursiveInternal()
   在 System.Web.UI.Control.PreRenderRecursiveInternal()
   在 System.Web.UI.Control.PreRenderRecursiveInternal()
   在 System.Web.UI.Control.PreRenderRecursiveInternal()
   在 System.Web.UI.Control.PreRenderRecursiveInternal()
   在 System.Web.UI.Page.ProcessRequestMain(Boolean includeStagesBeforeAsyncPoint, Boolean includeStagesAfterAsyncPoint)
   --- 内部异常堆栈跟踪的结尾 ---
   在 System.Web.UI.Page.HandleError(Exception e)
   在 System.Web.UI.Page.ProcessRequestMain(Boolean includeStagesBeforeAsyncPoint, Boolean includeStagesAfterAsyncPoint)
   在 System.Web.UI.Page.ProcessRequest(Boolean includeStagesBeforeAsyncPoint, Boolean includeStagesAfterAsyncPoint)
   在 System.Web.UI.Page.ProcessRequest()
   在 System.Web.UI.Page.ProcessRequestWithNoAssert(HttpContext context)
   在 System.Web.UI.Page.ProcessRequest(HttpContext context)
   在 ASP.admin_system_admin_aspx.ProcessRequest(HttpContext context) 位置 c:\Windows\Microsoft.NET\Framework\v2.0.50727\Temporary ASP.NET Files\root\0a1d6b90\48f6e3cd\App_Web_jttt7-kh.4.cs:行号 0
   在 System.Web.HttpApplication.CallHandlerExecutionStep.System.Web.HttpApplication.IExecutionStep.Execute()
   在 System.Web.HttpApplication.ExecuteStep(IExecutionStep step, Boolean& completedSynchronously)
来源：127.0.0.1
平台：Mozilla/5.0 (Windows NT 6.1; rv:7.0.1) Gecko/20100101 Firefox/7.0.1
访问：/Admin/System/Admin.aspx
引用：http://localhost:42770/Admin/Frame/Left.aspx?ID=1

#Software: .
#ProcessID: 4184
#AppDomain: d4ebf47e-1-129651332836630000
#BaseDirectory: E:\X\Src\WebSite1\
#Date: 2011-11-07
#Fields: Time ThreadID IsPoolThread ThreadName Message
17:54:50.795 5 Y - XCode 文件版本8.2.2011.1107 编译时间2011-11-07 17:54:26
17:54:50.802 5 Y - 开始初始化实体类Administrator
17:54:50.804 5 Y - 完成初始化实体类Administrator
17:54:50.935 5 Y - 开始检查连接[Common/SQLite]的数据库架构……
17:54:51.051 5 Y - 检查连接[Common/SQLite]的数据库架构耗时00:00:00.1162623
17:54:51.604 5 Y - 开始检查表[Administrator/SQLite]的数据表架构……
17:54:51.731 5 Y - 检查表[Administrator/SQLite]的数据表架构耗时00:00:00.1265888
17:54:51.854 5 Y - 开始初始化实体类Log
17:54:51.854 5 Y - 完成初始化实体类Log
17:54:51.876 5 Y - 开始检查表[Log/SQLite]的数据表架构……
17:54:51.929 5 Y - 检查表[Log/SQLite]的数据表架构耗时00:00:00.0533130
17:54:51.943 5 Y - 开始初始化实体类Menu
17:54:51.944 5 Y - 完成初始化实体类Menu
17:54:51.969 5 Y - 开始检查表[Menu/SQLite]的数据表架构……
17:54:52.010 5 Y - 检查表[Menu/SQLite]的数据表架构耗时00:00:00.0413409
17:54:52.046 5 Y - 开始初始化实体类Role
17:54:52.047 5 Y - 完成初始化实体类Role
17:54:52.047 5 Y - 开始检查表[Role/SQLite]的数据表架构……
17:54:52.086 5 Y - 检查表[Role/SQLite]的数据表架构耗时00:00:00.0382510
17:54:52.118 5 Y - 开始初始化实体类RoleMenu
17:54:52.118 5 Y - 完成初始化实体类RoleMenu
17:54:52.125 5 Y - 开始检查表[RoleMenu/SQLite]的数据表架构……
17:54:52.170 5 Y - 检查表[RoleMenu/SQLite]的数据表架构耗时00:00:00.0449450
17:56:10.994 5 Y - System.Web.HttpUnhandledException: 引发类型为“System.Web.HttpUnhandledException”的异常。 ---> System.InvalidOperationException: 必须在 ObjectDataSource“ObjectDataSource1”的 TypeName 属性中指定一个类型。
   在 System.Web.UI.WebControls.ObjectDataSourceView.GetType(String typeName)
   在 System.Web.UI.WebControls.ObjectDataSourceView.ExecuteSelect(DataSourceSelectArguments arguments)
   在 System.Web.UI.DataSourceView.Select(DataSourceSelectArguments arguments, DataSourceViewSelectCallback callback)
   在 System.Web.UI.WebControls.DataBoundControl.PerformSelect()
   在 System.Web.UI.WebControls.BaseDataBoundControl.DataBind()
   在 System.Web.UI.WebControls.GridView.DataBind()
   在 System.Web.UI.WebControls.BaseDataBoundControl.EnsureDataBound()
   在 System.Web.UI.WebControls.CompositeDataBoundControl.CreateChildControls()
   在 System.Web.UI.Control.EnsureChildControls()
   在 System.Web.UI.Control.PreRenderRecursiveInternal()
   在 System.Web.UI.Control.PreRenderRecursiveInternal()
   在 System.Web.UI.Control.PreRenderRecursiveInternal()
   在 System.Web.UI.Control.PreRenderRecursiveInternal()
   在 System.Web.UI.Control.PreRenderRecursiveInternal()
   在 System.Web.UI.Page.ProcessRequestMain(Boolean includeStagesBeforeAsyncPoint, Boolean includeStagesAfterAsyncPoint)
   --- 内部异常堆栈跟踪的结尾 ---
   在 System.Web.UI.Page.HandleError(Exception e)
   在 System.Web.UI.Page.ProcessRequestMain(Boolean includeStagesBeforeAsyncPoint, Boolean includeStagesAfterAsyncPoint)
   在 System.Web.UI.Page.ProcessRequest(Boolean includeStagesBeforeAsyncPoint, Boolean includeStagesAfterAsyncPoint)
   在 System.Web.UI.Page.ProcessRequest()
   在 System.Web.UI.Page.ProcessRequestWithNoAssert(HttpContext context)
   在 System.Web.UI.Page.ProcessRequest(HttpContext context)
   在 ASP.admin_system_admin_aspx.ProcessRequest(HttpContext context) 位置 c:\Windows\Microsoft.NET\Framework\v2.0.50727\Temporary ASP.NET Files\root\0a1d6b90\48f6e3cd\App_Web_-e6dtka3.16.cs:行号 0
   在 System.Web.HttpApplication.CallHandlerExecutionStep.System.Web.HttpApplication.IExecutionStep.Execute()
   在 System.Web.HttpApplication.ExecuteStep(IExecutionStep step, Boolean& completedSynchronously)
来源：127.0.0.1
平台：Mozilla/5.0 (Windows NT 6.1; rv:7.0.1) Gecko/20100101 Firefox/7.0.1
访问：/Admin/System/Admin.aspx
引用：http://localhost:42770/Admin/Frame/Left.aspx?ID=1

#Software: .
#ProcessID: 4184
#AppDomain: d4ebf47e-2-129651334266630000
#BaseDirectory: E:\X\Src\WebSite1\
#Date: 2011-11-07
#Fields: Time ThreadID IsPoolThread ThreadName Message
17:57:17.697 9 Y - XCode 文件版本8.2.2011.1107 编译时间2011-11-07 17:54:26
17:57:17.703 9 Y - 开始初始化实体类Administrator
17:57:17.706 9 Y - 完成初始化实体类Administrator
17:57:17.820 9 Y - 开始检查连接[Common/SQLite]的数据库架构……
17:57:17.945 9 Y - 检查连接[Common/SQLite]的数据库架构耗时00:00:00.1246859
17:57:18.348 9 Y - 开始检查表[Administrator/SQLite]的数据表架构……
17:57:18.476 9 Y - 检查表[Administrator/SQLite]的数据表架构耗时00:00:00.1282886
17:57:18.644 9 Y - 开始初始化实体类Log
17:57:18.644 9 Y - 完成初始化实体类Log
17:57:18.666 9 Y - 开始检查表[Log/SQLite]的数据表架构……
17:57:18.713 9 Y - 检查表[Log/SQLite]的数据表架构耗时00:00:00.0466968
17:57:18.758 9 Y - 开始初始化实体类Menu
17:57:18.759 9 Y - 完成初始化实体类Menu
17:57:18.759 9 Y - 开始检查表[Menu/SQLite]的数据表架构……
17:57:18.805 9 Y - 检查表[Menu/SQLite]的数据表架构耗时00:00:00.0451128
17:57:18.847 9 Y - 开始初始化实体类Role
17:57:18.848 9 Y - 完成初始化实体类Role
17:57:18.848 9 Y - 开始检查表[Role/SQLite]的数据表架构……
17:57:18.885 9 Y - 检查表[Role/SQLite]的数据表架构耗时00:00:00.0364921
17:57:18.921 9 Y - 开始初始化实体类RoleMenu
17:57:18.921 9 Y - 完成初始化实体类RoleMenu
17:57:18.941 9 Y - 开始检查表[RoleMenu/SQLite]的数据表架构……
17:57:18.976 9 Y - 检查表[RoleMenu/SQLite]的数据表架构耗时00:00:00.0350479
