#Software: 代码生成器
#ProcessID: 5804
#AppDomain: XCoder.exe
#BaseDirectory: D:\我的文档\桌面\XCoder v4.5_20111111142242\
#Date: 2011-11-27
#Fields: Time ThreadID IsPoolThread ThreadName Message
09:23:28.015 3 Y - XCode 文件版本8.3.2011.1111 编译时间2011-11-11 14:21:34
09:23:28.046 3 Y - GetSchema("MetaDataCollections")
09:23:28.078 3 Y - GetSchema("Tables")
09:23:30.000 9 Y - GetSchema("Tables")
09:23:31.406 9 Y - GetSchema("Columns")
09:23:31.406 3 Y - GetSchema("Columns")
09:23:31.421 3 Y - GetSchema("Indexes")
09:23:31.421 9 Y - GetSchema("Indexes")
09:23:31.468 3 Y - GetSchema("IndexColumns")
09:23:31.515 9 Y - GetSchema("IndexColumns")
09:23:31.562 3 Y - GetSchema("DataTypes")

#Software: 代码生成器
#ProcessID: 4916
#AppDomain: XCoder.exe
#BaseDirectory: D:\我的文档\桌面\XCoder v4.5_20111111142242\
#Date: 2011-11-27
#Fields: Time ThreadID IsPoolThread ThreadName Message
09:24:20.328 4 Y - XCode 文件版本8.3.2011.1111 编译时间2011-11-11 14:21:34
09:24:20.328 4 Y - GetSchema("MetaDataCollections")
09:24:20.328 5 Y - GetSchema("MetaDataCollections")
09:24:20.343 4 Y - GetSchema("Tables")
09:24:20.406 4 Y - GetSchema("Columns")
09:24:20.421 4 Y - GetSchema("Indexes")
09:24:20.421 4 Y - GetSchema("IndexColumns")
09:24:20.437 4 Y - GetSchema("DataTypes")
09:24:20.453 5 Y - GetSchema("Tables")
09:24:20.531 5 Y - GetSchema("Columns")
09:24:20.562 4 Y - GetSchema("Tables")
09:24:20.578 5 Y - GetSchema("Indexes")
09:24:20.625 4 Y - GetSchema("Columns")
09:24:20.640 4 Y - GetSchema("Indexes")
09:24:20.640 4 Y - GetSchema("IndexColumns")
09:24:20.656 4 Y - GetSchema("Databases")
09:24:21.093 9 Y - GetSchema("Tables")
09:24:21.156 9 Y - GetSchema("Columns")
09:24:21.156 4 Y - GetSchema("Tables")
09:24:21.156 9 Y - GetSchema("Indexes")
09:24:21.156 9 Y - GetSchema("IndexColumns")
09:24:21.203 4 Y - GetSchema("Columns")
09:24:21.250 4 Y - GetSchema("Indexes")
09:24:21.250 5 Y - GetSchema("DataTypes")
09:24:21.265 4 Y - GetSchema("DataTypes")
09:24:21.843 5 Y - 设计错误，OnDispose中尽可能的不要抛出异常！System.IO.FileNotFoundException: 未能加载文件或程序集“Interop.ADOX, Version=2.8.0.0, Culture=neutral, PublicKeyToken=null”或它的某一个依赖项。系统找不到指定的文件。
文件名:“Interop.ADOX, Version=2.8.0.0, Culture=neutral, PublicKeyToken=null”
   在 XCode.DataAccessLayer.ADOTabe.OnDispose(Boolean disposing)
   在 NewLife.DisposeBase.Dispose(Boolean disposing)

警告: 程序集绑定日志记录被关闭。
要启用程序集绑定失败日志记录，请将注册表值 [HKLM\Software\Microsoft\Fusion!EnableLog] (DWORD)设置为 1。
注意: 会有一些与程序集绑定失败日志记录关联的性能损失。
要关闭此功能，请移除注册表值 [HKLM\Software\Microsoft\Fusion!EnableLog]。

09:24:21.843 4 Y - 设计错误，OnDispose中尽可能的不要抛出异常！System.IO.FileNotFoundException: 未能加载文件或程序集“Interop.ADOX, Version=2.8.0.0, Culture=neutral, PublicKeyToken=null”或它的某一个依赖项。系统找不到指定的文件。
文件名:“Interop.ADOX, Version=2.8.0.0, Culture=neutral, PublicKeyToken=null”
   在 XCode.DataAccessLayer.ADOTabe.OnDispose(Boolean disposing)
   在 NewLife.DisposeBase.Dispose(Boolean disposing)

警告: 程序集绑定日志记录被关闭。
要启用程序集绑定失败日志记录，请将注册表值 [HKLM\Software\Microsoft\Fusion!EnableLog] (DWORD)设置为 1。
注意: 会有一些与程序集绑定失败日志记录关联的性能损失。
要关闭此功能，请移除注册表值 [HKLM\Software\Microsoft\Fusion!EnableLog]。

09:24:21.843 5 Y - 设计错误，OnDispose中尽可能的不要抛出异常！System.IO.FileNotFoundException: 未能加载文件或程序集“Interop.ADOX, Version=2.8.0.0, Culture=neutral, PublicKeyToken=null”或它的某一个依赖项。系统找不到指定的文件。
文件名:“Interop.ADOX, Version=2.8.0.0, Culture=neutral, PublicKeyToken=null”
   在 XCode.DataAccessLayer.ADOTabe.OnDispose(Boolean disposing)
   在 NewLife.DisposeBase.Dispose(Boolean disposing)

警告: 程序集绑定日志记录被关闭。
要启用程序集绑定失败日志记录，请将注册表值 [HKLM\Software\Microsoft\Fusion!EnableLog] (DWORD)设置为 1。
注意: 会有一些与程序集绑定失败日志记录关联的性能损失。
要关闭此功能，请移除注册表值 [HKLM\Software\Microsoft\Fusion!EnableLog]。

09:24:21.843 4 Y - 设计错误，OnDispose中尽可能的不要抛出异常！System.IO.FileNotFoundException: 未能加载文件或程序集“Interop.ADOX, Version=2.8.0.0, Culture=neutral, PublicKeyToken=null”或它的某一个依赖项。系统找不到指定的文件。
文件名:“Interop.ADOX, Version=2.8.0.0, Culture=neutral, PublicKeyToken=null”
   在 XCode.DataAccessLayer.ADOTabe.OnDispose(Boolean disposing)
   在 NewLife.DisposeBase.Dispose(Boolean disposing)

警告: 程序集绑定日志记录被关闭。
要启用程序集绑定失败日志记录，请将注册表值 [HKLM\Software\Microsoft\Fusion!EnableLog] (DWORD)设置为 1。
注意: 会有一些与程序集绑定失败日志记录关联的性能损失。
要关闭此功能，请移除注册表值 [HKLM\Software\Microsoft\Fusion!EnableLog]。

09:24:21.859 5 Y - 设计错误，OnDispose中尽可能的不要抛出异常！System.IO.FileNotFoundException: 未能加载文件或程序集“Interop.ADOX, Version=2.8.0.0, Culture=neutral, PublicKeyToken=null”或它的某一个依赖项。系统找不到指定的文件。
文件名:“Interop.ADOX, Version=2.8.0.0, Culture=neutral, PublicKeyToken=null”
   在 XCode.DataAccessLayer.ADOTabe.OnDispose(Boolean disposing)
   在 NewLife.DisposeBase.Dispose(Boolean disposing)

警告: 程序集绑定日志记录被关闭。
要启用程序集绑定失败日志记录，请将注册表值 [HKLM\Software\Microsoft\Fusion!EnableLog] (DWORD)设置为 1。
注意: 会有一些与程序集绑定失败日志记录关联的性能损失。
要关闭此功能，请移除注册表值 [HKLM\Software\Microsoft\Fusion!EnableLog]。

09:24:21.859 4 Y - 设计错误，OnDispose中尽可能的不要抛出异常！System.IO.FileNotFoundException: 未能加载文件或程序集“Interop.ADOX, Version=2.8.0.0, Culture=neutral, PublicKeyToken=null”或它的某一个依赖项。系统找不到指定的文件。
文件名:“Interop.ADOX, Version=2.8.0.0, Culture=neutral, PublicKeyToken=null”
   在 XCode.DataAccessLayer.ADOTabe.OnDispose(Boolean disposing)
   在 NewLife.DisposeBase.Dispose(Boolean disposing)

警告: 程序集绑定日志记录被关闭。
要启用程序集绑定失败日志记录，请将注册表值 [HKLM\Software\Microsoft\Fusion!EnableLog] (DWORD)设置为 1。
注意: 会有一些与程序集绑定失败日志记录关联的性能损失。
要关闭此功能，请移除注册表值 [HKLM\Software\Microsoft\Fusion!EnableLog]。

09:24:22.953 4 Y - GetSchema("Tables")
09:24:23.000 4 Y - GetSchema("Columns")
09:24:23.046 4 Y - GetSchema("Indexes")
09:24:23.093 4 Y - 设计错误，OnDispose中尽可能的不要抛出异常！System.IO.FileNotFoundException: 未能加载文件或程序集“Interop.ADOX, Version=2.8.0.0, Culture=neutral, PublicKeyToken=null”或它的某一个依赖项。系统找不到指定的文件。
文件名:“Interop.ADOX, Version=2.8.0.0, Culture=neutral, PublicKeyToken=null”
   在 XCode.DataAccessLayer.ADOTabe.OnDispose(Boolean disposing)
   在 NewLife.DisposeBase.Dispose(Boolean disposing)

警告: 程序集绑定日志记录被关闭。
要启用程序集绑定失败日志记录，请将注册表值 [HKLM\Software\Microsoft\Fusion!EnableLog] (DWORD)设置为 1。
注意: 会有一些与程序集绑定失败日志记录关联的性能损失。
要关闭此功能，请移除注册表值 [HKLM\Software\Microsoft\Fusion!EnableLog]。

09:24:23.093 4 Y - 设计错误，OnDispose中尽可能的不要抛出异常！System.IO.FileNotFoundException: 未能加载文件或程序集“Interop.ADOX, Version=2.8.0.0, Culture=neutral, PublicKeyToken=null”或它的某一个依赖项。系统找不到指定的文件。
文件名:“Interop.ADOX, Version=2.8.0.0, Culture=neutral, PublicKeyToken=null”
   在 XCode.DataAccessLayer.ADOTabe.OnDispose(Boolean disposing)
   在 NewLife.DisposeBase.Dispose(Boolean disposing)

警告: 程序集绑定日志记录被关闭。
要启用程序集绑定失败日志记录，请将注册表值 [HKLM\Software\Microsoft\Fusion!EnableLog] (DWORD)设置为 1。
注意: 会有一些与程序集绑定失败日志记录关联的性能损失。
要关闭此功能，请移除注册表值 [HKLM\Software\Microsoft\Fusion!EnableLog]。

09:24:23.093 4 Y - 设计错误，OnDispose中尽可能的不要抛出异常！System.IO.FileNotFoundException: 未能加载文件或程序集“Interop.ADOX, Version=2.8.0.0, Culture=neutral, PublicKeyToken=null”或它的某一个依赖项。系统找不到指定的文件。
文件名:“Interop.ADOX, Version=2.8.0.0, Culture=neutral, PublicKeyToken=null”
   在 XCode.DataAccessLayer.ADOTabe.OnDispose(Boolean disposing)
   在 NewLife.DisposeBase.Dispose(Boolean disposing)

警告: 程序集绑定日志记录被关闭。
要启用程序集绑定失败日志记录，请将注册表值 [HKLM\Software\Microsoft\Fusion!EnableLog] (DWORD)设置为 1。
注意: 会有一些与程序集绑定失败日志记录关联的性能损失。
要关闭此功能，请移除注册表值 [HKLM\Software\Microsoft\Fusion!EnableLog]。

09:24:23.484 4 Y - GetSchema("Tables")
09:24:23.531 4 Y - GetSchema("Columns")
09:24:23.578 4 Y - GetSchema("Indexes")
09:24:23.609 4 Y - 设计错误，OnDispose中尽可能的不要抛出异常！System.IO.FileNotFoundException: 未能加载文件或程序集“Interop.ADOX, Version=2.8.0.0, Culture=neutral, PublicKeyToken=null”或它的某一个依赖项。系统找不到指定的文件。
文件名:“Interop.ADOX, Version=2.8.0.0, Culture=neutral, PublicKeyToken=null”
   在 XCode.DataAccessLayer.ADOTabe.OnDispose(Boolean disposing)
   在 NewLife.DisposeBase.Dispose(Boolean disposing)

警告: 程序集绑定日志记录被关闭。
要启用程序集绑定失败日志记录，请将注册表值 [HKLM\Software\Microsoft\Fusion!EnableLog] (DWORD)设置为 1。
注意: 会有一些与程序集绑定失败日志记录关联的性能损失。
要关闭此功能，请移除注册表值 [HKLM\Software\Microsoft\Fusion!EnableLog]。

09:24:23.609 4 Y - 设计错误，OnDispose中尽可能的不要抛出异常！System.IO.FileNotFoundException: 未能加载文件或程序集“Interop.ADOX, Version=2.8.0.0, Culture=neutral, PublicKeyToken=null”或它的某一个依赖项。系统找不到指定的文件。
文件名:“Interop.ADOX, Version=2.8.0.0, Culture=neutral, PublicKeyToken=null”
   在 XCode.DataAccessLayer.ADOTabe.OnDispose(Boolean disposing)
   在 NewLife.DisposeBase.Dispose(Boolean disposing)

警告: 程序集绑定日志记录被关闭。
要启用程序集绑定失败日志记录，请将注册表值 [HKLM\Software\Microsoft\Fusion!EnableLog] (DWORD)设置为 1。
注意: 会有一些与程序集绑定失败日志记录关联的性能损失。
要关闭此功能，请移除注册表值 [HKLM\Software\Microsoft\Fusion!EnableLog]。

09:24:23.609 4 Y - 设计错误，OnDispose中尽可能的不要抛出异常！System.IO.FileNotFoundException: 未能加载文件或程序集“Interop.ADOX, Version=2.8.0.0, Culture=neutral, PublicKeyToken=null”或它的某一个依赖项。系统找不到指定的文件。
文件名:“Interop.ADOX, Version=2.8.0.0, Culture=neutral, PublicKeyToken=null”
   在 XCode.DataAccessLayer.ADOTabe.OnDispose(Boolean disposing)
   在 NewLife.DisposeBase.Dispose(Boolean disposing)

警告: 程序集绑定日志记录被关闭。
要启用程序集绑定失败日志记录，请将注册表值 [HKLM\Software\Microsoft\Fusion!EnableLog] (DWORD)设置为 1。
注意: 会有一些与程序集绑定失败日志记录关联的性能损失。
要关闭此功能，请移除注册表值 [HKLM\Software\Microsoft\Fusion!EnableLog]。


#Software: 代码生成器
#ProcessID: 3084
#AppDomain: XCoder.exe
#BaseDirectory: D:\我的文档\桌面\XCoder v4.5_20111111142242\
#Date: 2011-11-27
#Fields: Time ThreadID IsPoolThread ThreadName Message
09:26:52.156 4 Y - GetSchema("MetaDataCollections")
09:26:52.156 5 Y - XCode 文件版本8.3.2011.1111 编译时间2011-11-11 14:21:34
09:26:52.156 5 Y - GetSchema("MetaDataCollections")
09:26:52.203 5 Y - GetSchema("Tables")
09:26:52.218 5 Y - GetSchema("Columns")
09:26:52.218 4 Y - GetSchema("Tables")
09:26:52.234 5 Y - GetSchema("Indexes")
09:26:52.296 4 Y - GetSchema("Columns")
09:26:52.343 4 Y - GetSchema("Indexes")
09:26:52.968 5 Y - GetSchema("DataTypes")
09:26:52.968 4 Y - GetSchema("DataTypes")
09:26:53.484 5 Y - 设计错误，OnDispose中尽可能的不要抛出异常！System.IO.FileNotFoundException: 未能加载文件或程序集“Interop.ADOX, Version=2.8.0.0, Culture=neutral, PublicKeyToken=null”或它的某一个依赖项。系统找不到指定的文件。
文件名:“Interop.ADOX, Version=2.8.0.0, Culture=neutral, PublicKeyToken=null”
   在 XCode.DataAccessLayer.ADOTabe.OnDispose(Boolean disposing)
   在 NewLife.DisposeBase.Dispose(Boolean disposing)

警告: 程序集绑定日志记录被关闭。
要启用程序集绑定失败日志记录，请将注册表值 [HKLM\Software\Microsoft\Fusion!EnableLog] (DWORD)设置为 1。
注意: 会有一些与程序集绑定失败日志记录关联的性能损失。
要关闭此功能，请移除注册表值 [HKLM\Software\Microsoft\Fusion!EnableLog]。

09:26:53.484 4 Y - 设计错误，OnDispose中尽可能的不要抛出异常！System.IO.FileNotFoundException: 未能加载文件或程序集“Interop.ADOX, Version=2.8.0.0, Culture=neutral, PublicKeyToken=null”或它的某一个依赖项。系统找不到指定的文件。
文件名:“Interop.ADOX, Version=2.8.0.0, Culture=neutral, PublicKeyToken=null”
   在 XCode.DataAccessLayer.ADOTabe.OnDispose(Boolean disposing)
   在 NewLife.DisposeBase.Dispose(Boolean disposing)

警告: 程序集绑定日志记录被关闭。
要启用程序集绑定失败日志记录，请将注册表值 [HKLM\Software\Microsoft\Fusion!EnableLog] (DWORD)设置为 1。
注意: 会有一些与程序集绑定失败日志记录关联的性能损失。
要关闭此功能，请移除注册表值 [HKLM\Software\Microsoft\Fusion!EnableLog]。

09:26:53.515 4 Y - 设计错误，OnDispose中尽可能的不要抛出异常！System.IO.FileNotFoundException: 未能加载文件或程序集“Interop.ADOX, Version=2.8.0.0, Culture=neutral, PublicKeyToken=null”或它的某一个依赖项。系统找不到指定的文件。
文件名:“Interop.ADOX, Version=2.8.0.0, Culture=neutral, PublicKeyToken=null”
   在 XCode.DataAccessLayer.ADOTabe.OnDispose(Boolean disposing)
   在 NewLife.DisposeBase.Dispose(Boolean disposing)

警告: 程序集绑定日志记录被关闭。
要启用程序集绑定失败日志记录，请将注册表值 [HKLM\Software\Microsoft\Fusion!EnableLog] (DWORD)设置为 1。
注意: 会有一些与程序集绑定失败日志记录关联的性能损失。
要关闭此功能，请移除注册表值 [HKLM\Software\Microsoft\Fusion!EnableLog]。

09:26:53.515 5 Y - 设计错误，OnDispose中尽可能的不要抛出异常！System.IO.FileNotFoundException: 未能加载文件或程序集“Interop.ADOX, Version=2.8.0.0, Culture=neutral, PublicKeyToken=null”或它的某一个依赖项。系统找不到指定的文件。
文件名:“Interop.ADOX, Version=2.8.0.0, Culture=neutral, PublicKeyToken=null”
   在 XCode.DataAccessLayer.ADOTabe.OnDispose(Boolean disposing)
   在 NewLife.DisposeBase.Dispose(Boolean disposing)

警告: 程序集绑定日志记录被关闭。
要启用程序集绑定失败日志记录，请将注册表值 [HKLM\Software\Microsoft\Fusion!EnableLog] (DWORD)设置为 1。
注意: 会有一些与程序集绑定失败日志记录关联的性能损失。
要关闭此功能，请移除注册表值 [HKLM\Software\Microsoft\Fusion!EnableLog]。

09:26:53.515 4 Y - 设计错误，OnDispose中尽可能的不要抛出异常！System.IO.FileNotFoundException: 未能加载文件或程序集“Interop.ADOX, Version=2.8.0.0, Culture=neutral, PublicKeyToken=null”或它的某一个依赖项。系统找不到指定的文件。
文件名:“Interop.ADOX, Version=2.8.0.0, Culture=neutral, PublicKeyToken=null”
   在 XCode.DataAccessLayer.ADOTabe.OnDispose(Boolean disposing)
   在 NewLife.DisposeBase.Dispose(Boolean disposing)

警告: 程序集绑定日志记录被关闭。
要启用程序集绑定失败日志记录，请将注册表值 [HKLM\Software\Microsoft\Fusion!EnableLog] (DWORD)设置为 1。
注意: 会有一些与程序集绑定失败日志记录关联的性能损失。
要关闭此功能，请移除注册表值 [HKLM\Software\Microsoft\Fusion!EnableLog]。

09:26:53.515 5 Y - 设计错误，OnDispose中尽可能的不要抛出异常！System.IO.FileNotFoundException: 未能加载文件或程序集“Interop.ADOX, Version=2.8.0.0, Culture=neutral, PublicKeyToken=null”或它的某一个依赖项。系统找不到指定的文件。
文件名:“Interop.ADOX, Version=2.8.0.0, Culture=neutral, PublicKeyToken=null”
   在 XCode.DataAccessLayer.ADOTabe.OnDispose(Boolean disposing)
   在 NewLife.DisposeBase.Dispose(Boolean disposing)

警告: 程序集绑定日志记录被关闭。
要启用程序集绑定失败日志记录，请将注册表值 [HKLM\Software\Microsoft\Fusion!EnableLog] (DWORD)设置为 1。
注意: 会有一些与程序集绑定失败日志记录关联的性能损失。
要关闭此功能，请移除注册表值 [HKLM\Software\Microsoft\Fusion!EnableLog]。

09:26:53.812 4 Y - GetSchema("Tables")
09:26:53.859 4 Y - GetSchema("Columns")
09:26:53.890 4 Y - GetSchema("Indexes")
09:26:53.937 4 Y - 设计错误，OnDispose中尽可能的不要抛出异常！System.IO.FileNotFoundException: 未能加载文件或程序集“Interop.ADOX, Version=2.8.0.0, Culture=neutral, PublicKeyToken=null”或它的某一个依赖项。系统找不到指定的文件。
文件名:“Interop.ADOX, Version=2.8.0.0, Culture=neutral, PublicKeyToken=null”
   在 XCode.DataAccessLayer.ADOTabe.OnDispose(Boolean disposing)
   在 NewLife.DisposeBase.Dispose(Boolean disposing)

警告: 程序集绑定日志记录被关闭。
要启用程序集绑定失败日志记录，请将注册表值 [HKLM\Software\Microsoft\Fusion!EnableLog] (DWORD)设置为 1。
注意: 会有一些与程序集绑定失败日志记录关联的性能损失。
要关闭此功能，请移除注册表值 [HKLM\Software\Microsoft\Fusion!EnableLog]。

09:26:53.937 4 Y - 设计错误，OnDispose中尽可能的不要抛出异常！System.IO.FileNotFoundException: 未能加载文件或程序集“Interop.ADOX, Version=2.8.0.0, Culture=neutral, PublicKeyToken=null”或它的某一个依赖项。系统找不到指定的文件。
文件名:“Interop.ADOX, Version=2.8.0.0, Culture=neutral, PublicKeyToken=null”
   在 XCode.DataAccessLayer.ADOTabe.OnDispose(Boolean disposing)
   在 NewLife.DisposeBase.Dispose(Boolean disposing)

警告: 程序集绑定日志记录被关闭。
要启用程序集绑定失败日志记录，请将注册表值 [HKLM\Software\Microsoft\Fusion!EnableLog] (DWORD)设置为 1。
注意: 会有一些与程序集绑定失败日志记录关联的性能损失。
要关闭此功能，请移除注册表值 [HKLM\Software\Microsoft\Fusion!EnableLog]。

09:26:53.937 4 Y - 设计错误，OnDispose中尽可能的不要抛出异常！System.IO.FileNotFoundException: 未能加载文件或程序集“Interop.ADOX, Version=2.8.0.0, Culture=neutral, PublicKeyToken=null”或它的某一个依赖项。系统找不到指定的文件。
文件名:“Interop.ADOX, Version=2.8.0.0, Culture=neutral, PublicKeyToken=null”
   在 XCode.DataAccessLayer.ADOTabe.OnDispose(Boolean disposing)
   在 NewLife.DisposeBase.Dispose(Boolean disposing)

警告: 程序集绑定日志记录被关闭。
要启用程序集绑定失败日志记录，请将注册表值 [HKLM\Software\Microsoft\Fusion!EnableLog] (DWORD)设置为 1。
注意: 会有一些与程序集绑定失败日志记录关联的性能损失。
要关闭此功能，请移除注册表值 [HKLM\Software\Microsoft\Fusion!EnableLog]。

09:26:53.937 4 Y - GetSchema("Tables")
09:26:53.984 4 Y - GetSchema("Columns")
09:26:54.015 4 Y - GetSchema("Indexes")
09:26:54.062 4 Y - 设计错误，OnDispose中尽可能的不要抛出异常！System.IO.FileNotFoundException: 未能加载文件或程序集“Interop.ADOX, Version=2.8.0.0, Culture=neutral, PublicKeyToken=null”或它的某一个依赖项。系统找不到指定的文件。
文件名:“Interop.ADOX, Version=2.8.0.0, Culture=neutral, PublicKeyToken=null”
   在 XCode.DataAccessLayer.ADOTabe.OnDispose(Boolean disposing)
   在 NewLife.DisposeBase.Dispose(Boolean disposing)

警告: 程序集绑定日志记录被关闭。
要启用程序集绑定失败日志记录，请将注册表值 [HKLM\Software\Microsoft\Fusion!EnableLog] (DWORD)设置为 1。
注意: 会有一些与程序集绑定失败日志记录关联的性能损失。
要关闭此功能，请移除注册表值 [HKLM\Software\Microsoft\Fusion!EnableLog]。

09:26:54.062 4 Y - 设计错误，OnDispose中尽可能的不要抛出异常！System.IO.FileNotFoundException: 未能加载文件或程序集“Interop.ADOX, Version=2.8.0.0, Culture=neutral, PublicKeyToken=null”或它的某一个依赖项。系统找不到指定的文件。
文件名:“Interop.ADOX, Version=2.8.0.0, Culture=neutral, PublicKeyToken=null”
   在 XCode.DataAccessLayer.ADOTabe.OnDispose(Boolean disposing)
   在 NewLife.DisposeBase.Dispose(Boolean disposing)

警告: 程序集绑定日志记录被关闭。
要启用程序集绑定失败日志记录，请将注册表值 [HKLM\Software\Microsoft\Fusion!EnableLog] (DWORD)设置为 1。
注意: 会有一些与程序集绑定失败日志记录关联的性能损失。
要关闭此功能，请移除注册表值 [HKLM\Software\Microsoft\Fusion!EnableLog]。

09:26:54.062 4 Y - 设计错误，OnDispose中尽可能的不要抛出异常！System.IO.FileNotFoundException: 未能加载文件或程序集“Interop.ADOX, Version=2.8.0.0, Culture=neutral, PublicKeyToken=null”或它的某一个依赖项。系统找不到指定的文件。
文件名:“Interop.ADOX, Version=2.8.0.0, Culture=neutral, PublicKeyToken=null”
   在 XCode.DataAccessLayer.ADOTabe.OnDispose(Boolean disposing)
   在 NewLife.DisposeBase.Dispose(Boolean disposing)

警告: 程序集绑定日志记录被关闭。
要启用程序集绑定失败日志记录，请将注册表值 [HKLM\Software\Microsoft\Fusion!EnableLog] (DWORD)设置为 1。
注意: 会有一些与程序集绑定失败日志记录关联的性能损失。
要关闭此功能，请移除注册表值 [HKLM\Software\Microsoft\Fusion!EnableLog]。


#Software: 代码生成器
#ProcessID: 5288
#AppDomain: XCoder.exe
#BaseDirectory: D:\我的文档\桌面\XCoder v4.5_20111111142242\
#Date: 2011-11-27
#Fields: Time ThreadID IsPoolThread ThreadName Message
09:29:05.031 4 Y - GetSchema("MetaDataCollections")
09:29:05.031 5 Y - XCode 文件版本8.3.2011.1111 编译时间2011-11-11 14:21:34
09:29:05.046 5 Y - GetSchema("MetaDataCollections")
09:29:05.093 5 Y - GetSchema("Tables")
09:29:05.109 4 Y - GetSchema("Tables")
09:29:05.125 5 Y - GetSchema("Columns")
09:29:05.125 4 Y - GetSchema("Columns")
09:29:05.140 5 Y - GetSchema("Indexes")
09:29:05.156 4 Y - GetSchema("Indexes")
09:29:05.859 4 Y - GetSchema("DataTypes")
09:29:05.859 5 Y - GetSchema("DataTypes")
09:29:06.359 4 Y - 设计错误，OnDispose中尽可能的不要抛出异常！System.IO.FileNotFoundException: 未能加载文件或程序集“Interop.ADOX, Version=2.8.0.0, Culture=neutral, PublicKeyToken=null”或它的某一个依赖项。系统找不到指定的文件。
文件名:“Interop.ADOX, Version=2.8.0.0, Culture=neutral, PublicKeyToken=null”
   在 XCode.DataAccessLayer.ADOTabe.OnDispose(Boolean disposing)
   在 NewLife.DisposeBase.Dispose(Boolean disposing)

警告: 程序集绑定日志记录被关闭。
要启用程序集绑定失败日志记录，请将注册表值 [HKLM\Software\Microsoft\Fusion!EnableLog] (DWORD)设置为 1。
注意: 会有一些与程序集绑定失败日志记录关联的性能损失。
要关闭此功能，请移除注册表值 [HKLM\Software\Microsoft\Fusion!EnableLog]。

09:29:06.359 5 Y - 设计错误，OnDispose中尽可能的不要抛出异常！System.IO.FileNotFoundException: 未能加载文件或程序集“Interop.ADOX, Version=2.8.0.0, Culture=neutral, PublicKeyToken=null”或它的某一个依赖项。系统找不到指定的文件。
文件名:“Interop.ADOX, Version=2.8.0.0, Culture=neutral, PublicKeyToken=null”
   在 XCode.DataAccessLayer.ADOTabe.OnDispose(Boolean disposing)
   在 NewLife.DisposeBase.Dispose(Boolean disposing)

警告: 程序集绑定日志记录被关闭。
要启用程序集绑定失败日志记录，请将注册表值 [HKLM\Software\Microsoft\Fusion!EnableLog] (DWORD)设置为 1。
注意: 会有一些与程序集绑定失败日志记录关联的性能损失。
要关闭此功能，请移除注册表值 [HKLM\Software\Microsoft\Fusion!EnableLog]。

09:29:06.390 5 Y - 设计错误，OnDispose中尽可能的不要抛出异常！System.IO.FileNotFoundException: 未能加载文件或程序集“Interop.ADOX, Version=2.8.0.0, Culture=neutral, PublicKeyToken=null”或它的某一个依赖项。系统找不到指定的文件。
文件名:“Interop.ADOX, Version=2.8.0.0, Culture=neutral, PublicKeyToken=null”
   在 XCode.DataAccessLayer.ADOTabe.OnDispose(Boolean disposing)
   在 NewLife.DisposeBase.Dispose(Boolean disposing)

警告: 程序集绑定日志记录被关闭。
要启用程序集绑定失败日志记录，请将注册表值 [HKLM\Software\Microsoft\Fusion!EnableLog] (DWORD)设置为 1。
注意: 会有一些与程序集绑定失败日志记录关联的性能损失。
要关闭此功能，请移除注册表值 [HKLM\Software\Microsoft\Fusion!EnableLog]。

09:29:06.390 4 Y - 设计错误，OnDispose中尽可能的不要抛出异常！System.IO.FileNotFoundException: 未能加载文件或程序集“Interop.ADOX, Version=2.8.0.0, Culture=neutral, PublicKeyToken=null”或它的某一个依赖项。系统找不到指定的文件。
文件名:“Interop.ADOX, Version=2.8.0.0, Culture=neutral, PublicKeyToken=null”
   在 XCode.DataAccessLayer.ADOTabe.OnDispose(Boolean disposing)
   在 NewLife.DisposeBase.Dispose(Boolean disposing)

警告: 程序集绑定日志记录被关闭。
要启用程序集绑定失败日志记录，请将注册表值 [HKLM\Software\Microsoft\Fusion!EnableLog] (DWORD)设置为 1。
注意: 会有一些与程序集绑定失败日志记录关联的性能损失。
要关闭此功能，请移除注册表值 [HKLM\Software\Microsoft\Fusion!EnableLog]。

09:29:06.390 5 Y - 设计错误，OnDispose中尽可能的不要抛出异常！System.IO.FileNotFoundException: 未能加载文件或程序集“Interop.ADOX, Version=2.8.0.0, Culture=neutral, PublicKeyToken=null”或它的某一个依赖项。系统找不到指定的文件。
文件名:“Interop.ADOX, Version=2.8.0.0, Culture=neutral, PublicKeyToken=null”
   在 XCode.DataAccessLayer.ADOTabe.OnDispose(Boolean disposing)
   在 NewLife.DisposeBase.Dispose(Boolean disposing)

警告: 程序集绑定日志记录被关闭。
要启用程序集绑定失败日志记录，请将注册表值 [HKLM\Software\Microsoft\Fusion!EnableLog] (DWORD)设置为 1。
注意: 会有一些与程序集绑定失败日志记录关联的性能损失。
要关闭此功能，请移除注册表值 [HKLM\Software\Microsoft\Fusion!EnableLog]。

09:29:06.390 4 Y - 设计错误，OnDispose中尽可能的不要抛出异常！System.IO.FileNotFoundException: 未能加载文件或程序集“Interop.ADOX, Version=2.8.0.0, Culture=neutral, PublicKeyToken=null”或它的某一个依赖项。系统找不到指定的文件。
文件名:“Interop.ADOX, Version=2.8.0.0, Culture=neutral, PublicKeyToken=null”
   在 XCode.DataAccessLayer.ADOTabe.OnDispose(Boolean disposing)
   在 NewLife.DisposeBase.Dispose(Boolean disposing)

警告: 程序集绑定日志记录被关闭。
要启用程序集绑定失败日志记录，请将注册表值 [HKLM\Software\Microsoft\Fusion!EnableLog] (DWORD)设置为 1。
注意: 会有一些与程序集绑定失败日志记录关联的性能损失。
要关闭此功能，请移除注册表值 [HKLM\Software\Microsoft\Fusion!EnableLog]。

09:29:06.671 5 Y - GetSchema("Tables")
09:29:06.718 5 Y - GetSchema("Columns")
09:29:06.765 5 Y - GetSchema("Indexes")
09:29:06.796 5 Y - 设计错误，OnDispose中尽可能的不要抛出异常！System.IO.FileNotFoundException: 未能加载文件或程序集“Interop.ADOX, Version=2.8.0.0, Culture=neutral, PublicKeyToken=null”或它的某一个依赖项。系统找不到指定的文件。
文件名:“Interop.ADOX, Version=2.8.0.0, Culture=neutral, PublicKeyToken=null”
   在 XCode.DataAccessLayer.ADOTabe.OnDispose(Boolean disposing)
   在 NewLife.DisposeBase.Dispose(Boolean disposing)

警告: 程序集绑定日志记录被关闭。
要启用程序集绑定失败日志记录，请将注册表值 [HKLM\Software\Microsoft\Fusion!EnableLog] (DWORD)设置为 1。
注意: 会有一些与程序集绑定失败日志记录关联的性能损失。
要关闭此功能，请移除注册表值 [HKLM\Software\Microsoft\Fusion!EnableLog]。

09:29:06.796 5 Y - 设计错误，OnDispose中尽可能的不要抛出异常！System.IO.FileNotFoundException: 未能加载文件或程序集“Interop.ADOX, Version=2.8.0.0, Culture=neutral, PublicKeyToken=null”或它的某一个依赖项。系统找不到指定的文件。
文件名:“Interop.ADOX, Version=2.8.0.0, Culture=neutral, PublicKeyToken=null”
   在 XCode.DataAccessLayer.ADOTabe.OnDispose(Boolean disposing)
   在 NewLife.DisposeBase.Dispose(Boolean disposing)

警告: 程序集绑定日志记录被关闭。
要启用程序集绑定失败日志记录，请将注册表值 [HKLM\Software\Microsoft\Fusion!EnableLog] (DWORD)设置为 1。
注意: 会有一些与程序集绑定失败日志记录关联的性能损失。
要关闭此功能，请移除注册表值 [HKLM\Software\Microsoft\Fusion!EnableLog]。

09:29:06.796 5 Y - 设计错误，OnDispose中尽可能的不要抛出异常！System.IO.FileNotFoundException: 未能加载文件或程序集“Interop.ADOX, Version=2.8.0.0, Culture=neutral, PublicKeyToken=null”或它的某一个依赖项。系统找不到指定的文件。
文件名:“Interop.ADOX, Version=2.8.0.0, Culture=neutral, PublicKeyToken=null”
   在 XCode.DataAccessLayer.ADOTabe.OnDispose(Boolean disposing)
   在 NewLife.DisposeBase.Dispose(Boolean disposing)

警告: 程序集绑定日志记录被关闭。
要启用程序集绑定失败日志记录，请将注册表值 [HKLM\Software\Microsoft\Fusion!EnableLog] (DWORD)设置为 1。
注意: 会有一些与程序集绑定失败日志记录关联的性能损失。
要关闭此功能，请移除注册表值 [HKLM\Software\Microsoft\Fusion!EnableLog]。


#Software: 代码生成器
#ProcessID: 4968
#AppDomain: XCoder.exe
#BaseDirectory: D:\我的文档\桌面\XCoder v4.5_20111111142242\
#Date: 2011-11-27
#Fields: Time ThreadID IsPoolThread ThreadName Message
09:31:17.656 5 Y - GetSchema("MetaDataCollections")
09:31:17.671 4 Y - XCode 文件版本8.3.2011.1111 编译时间2011-11-11 14:21:34
09:31:17.671 4 Y - GetSchema("MetaDataCollections")
09:31:17.687 5 Y - GetSchema("Tables")
09:31:17.734 5 Y - GetSchema("Columns")
09:31:17.734 4 Y - GetSchema("Tables")
09:31:17.750 5 Y - GetSchema("Indexes")
09:31:17.812 4 Y - GetSchema("Columns")
09:31:17.859 4 Y - GetSchema("Indexes")
09:31:18.468 5 Y - GetSchema("DataTypes")
09:31:18.468 4 Y - GetSchema("DataTypes")
09:31:18.968 4 Y - 设计错误，OnDispose中尽可能的不要抛出异常！System.IO.FileNotFoundException: 未能加载文件或程序集“Interop.ADOX, Version=2.8.0.0, Culture=neutral, PublicKeyToken=null”或它的某一个依赖项。系统找不到指定的文件。
文件名:“Interop.ADOX, Version=2.8.0.0, Culture=neutral, PublicKeyToken=null”
   在 XCode.DataAccessLayer.ADOTabe.OnDispose(Boolean disposing)
   在 NewLife.DisposeBase.Dispose(Boolean disposing)

警告: 程序集绑定日志记录被关闭。
要启用程序集绑定失败日志记录，请将注册表值 [HKLM\Software\Microsoft\Fusion!EnableLog] (DWORD)设置为 1。
注意: 会有一些与程序集绑定失败日志记录关联的性能损失。
要关闭此功能，请移除注册表值 [HKLM\Software\Microsoft\Fusion!EnableLog]。

09:31:18.968 5 Y - 设计错误，OnDispose中尽可能的不要抛出异常！System.IO.FileNotFoundException: 未能加载文件或程序集“Interop.ADOX, Version=2.8.0.0, Culture=neutral, PublicKeyToken=null”或它的某一个依赖项。系统找不到指定的文件。
文件名:“Interop.ADOX, Version=2.8.0.0, Culture=neutral, PublicKeyToken=null”
   在 XCode.DataAccessLayer.ADOTabe.OnDispose(Boolean disposing)
   在 NewLife.DisposeBase.Dispose(Boolean disposing)

警告: 程序集绑定日志记录被关闭。
要启用程序集绑定失败日志记录，请将注册表值 [HKLM\Software\Microsoft\Fusion!EnableLog] (DWORD)设置为 1。
注意: 会有一些与程序集绑定失败日志记录关联的性能损失。
要关闭此功能，请移除注册表值 [HKLM\Software\Microsoft\Fusion!EnableLog]。

09:31:19.000 4 Y - 设计错误，OnDispose中尽可能的不要抛出异常！System.IO.FileNotFoundException: 未能加载文件或程序集“Interop.ADOX, Version=2.8.0.0, Culture=neutral, PublicKeyToken=null”或它的某一个依赖项。系统找不到指定的文件。
文件名:“Interop.ADOX, Version=2.8.0.0, Culture=neutral, PublicKeyToken=null”
   在 XCode.DataAccessLayer.ADOTabe.OnDispose(Boolean disposing)
   在 NewLife.DisposeBase.Dispose(Boolean disposing)

警告: 程序集绑定日志记录被关闭。
要启用程序集绑定失败日志记录，请将注册表值 [HKLM\Software\Microsoft\Fusion!EnableLog] (DWORD)设置为 1。
注意: 会有一些与程序集绑定失败日志记录关联的性能损失。
要关闭此功能，请移除注册表值 [HKLM\Software\Microsoft\Fusion!EnableLog]。

09:31:19.000 5 Y - 设计错误，OnDispose中尽可能的不要抛出异常！System.IO.FileNotFoundException: 未能加载文件或程序集“Interop.ADOX, Version=2.8.0.0, Culture=neutral, PublicKeyToken=null”或它的某一个依赖项。系统找不到指定的文件。
文件名:“Interop.ADOX, Version=2.8.0.0, Culture=neutral, PublicKeyToken=null”
   在 XCode.DataAccessLayer.ADOTabe.OnDispose(Boolean disposing)
   在 NewLife.DisposeBase.Dispose(Boolean disposing)

警告: 程序集绑定日志记录被关闭。
要启用程序集绑定失败日志记录，请将注册表值 [HKLM\Software\Microsoft\Fusion!EnableLog] (DWORD)设置为 1。
注意: 会有一些与程序集绑定失败日志记录关联的性能损失。
要关闭此功能，请移除注册表值 [HKLM\Software\Microsoft\Fusion!EnableLog]。

09:31:19.000 4 Y - 设计错误，OnDispose中尽可能的不要抛出异常！System.IO.FileNotFoundException: 未能加载文件或程序集“Interop.ADOX, Version=2.8.0.0, Culture=neutral, PublicKeyToken=null”或它的某一个依赖项。系统找不到指定的文件。
文件名:“Interop.ADOX, Version=2.8.0.0, Culture=neutral, PublicKeyToken=null”
   在 XCode.DataAccessLayer.ADOTabe.OnDispose(Boolean disposing)
   在 NewLife.DisposeBase.Dispose(Boolean disposing)

警告: 程序集绑定日志记录被关闭。
要启用程序集绑定失败日志记录，请将注册表值 [HKLM\Software\Microsoft\Fusion!EnableLog] (DWORD)设置为 1。
注意: 会有一些与程序集绑定失败日志记录关联的性能损失。
要关闭此功能，请移除注册表值 [HKLM\Software\Microsoft\Fusion!EnableLog]。

09:31:19.000 5 Y - 设计错误，OnDispose中尽可能的不要抛出异常！System.IO.FileNotFoundException: 未能加载文件或程序集“Interop.ADOX, Version=2.8.0.0, Culture=neutral, PublicKeyToken=null”或它的某一个依赖项。系统找不到指定的文件。
文件名:“Interop.ADOX, Version=2.8.0.0, Culture=neutral, PublicKeyToken=null”
   在 XCode.DataAccessLayer.ADOTabe.OnDispose(Boolean disposing)
   在 NewLife.DisposeBase.Dispose(Boolean disposing)

警告: 程序集绑定日志记录被关闭。
要启用程序集绑定失败日志记录，请将注册表值 [HKLM\Software\Microsoft\Fusion!EnableLog] (DWORD)设置为 1。
注意: 会有一些与程序集绑定失败日志记录关联的性能损失。
要关闭此功能，请移除注册表值 [HKLM\Software\Microsoft\Fusion!EnableLog]。

09:31:19.265 4 Y - GetSchema("Tables")
09:31:19.312 4 Y - GetSchema("Columns")
09:31:19.343 4 Y - GetSchema("Indexes")
09:31:19.390 4 Y - 设计错误，OnDispose中尽可能的不要抛出异常！System.IO.FileNotFoundException: 未能加载文件或程序集“Interop.ADOX, Version=2.8.0.0, Culture=neutral, PublicKeyToken=null”或它的某一个依赖项。系统找不到指定的文件。
文件名:“Interop.ADOX, Version=2.8.0.0, Culture=neutral, PublicKeyToken=null”
   在 XCode.DataAccessLayer.ADOTabe.OnDispose(Boolean disposing)
   在 NewLife.DisposeBase.Dispose(Boolean disposing)

警告: 程序集绑定日志记录被关闭。
要启用程序集绑定失败日志记录，请将注册表值 [HKLM\Software\Microsoft\Fusion!EnableLog] (DWORD)设置为 1。
注意: 会有一些与程序集绑定失败日志记录关联的性能损失。
要关闭此功能，请移除注册表值 [HKLM\Software\Microsoft\Fusion!EnableLog]。

09:31:19.390 4 Y - 设计错误，OnDispose中尽可能的不要抛出异常！System.IO.FileNotFoundException: 未能加载文件或程序集“Interop.ADOX, Version=2.8.0.0, Culture=neutral, PublicKeyToken=null”或它的某一个依赖项。系统找不到指定的文件。
文件名:“Interop.ADOX, Version=2.8.0.0, Culture=neutral, PublicKeyToken=null”
   在 XCode.DataAccessLayer.ADOTabe.OnDispose(Boolean disposing)
   在 NewLife.DisposeBase.Dispose(Boolean disposing)

警告: 程序集绑定日志记录被关闭。
要启用程序集绑定失败日志记录，请将注册表值 [HKLM\Software\Microsoft\Fusion!EnableLog] (DWORD)设置为 1。
注意: 会有一些与程序集绑定失败日志记录关联的性能损失。
要关闭此功能，请移除注册表值 [HKLM\Software\Microsoft\Fusion!EnableLog]。

09:31:19.390 4 Y - 设计错误，OnDispose中尽可能的不要抛出异常！System.IO.FileNotFoundException: 未能加载文件或程序集“Interop.ADOX, Version=2.8.0.0, Culture=neutral, PublicKeyToken=null”或它的某一个依赖项。系统找不到指定的文件。
文件名:“Interop.ADOX, Version=2.8.0.0, Culture=neutral, PublicKeyToken=null”
   在 XCode.DataAccessLayer.ADOTabe.OnDispose(Boolean disposing)
   在 NewLife.DisposeBase.Dispose(Boolean disposing)

警告: 程序集绑定日志记录被关闭。
要启用程序集绑定失败日志记录，请将注册表值 [HKLM\Software\Microsoft\Fusion!EnableLog] (DWORD)设置为 1。
注意: 会有一些与程序集绑定失败日志记录关联的性能损失。
要关闭此功能，请移除注册表值 [HKLM\Software\Microsoft\Fusion!EnableLog]。

09:31:43.500 4 Y - GetSchema("Tables")
09:31:43.531 4 Y - GetSchema("Columns")
09:31:43.578 4 Y - GetSchema("Indexes")
09:31:43.609 4 Y - 设计错误，OnDispose中尽可能的不要抛出异常！System.IO.FileNotFoundException: 未能加载文件或程序集“Interop.ADOX, Version=2.8.0.0, Culture=neutral, PublicKeyToken=null”或它的某一个依赖项。系统找不到指定的文件。
文件名:“Interop.ADOX, Version=2.8.0.0, Culture=neutral, PublicKeyToken=null”
   在 XCode.DataAccessLayer.ADOTabe.OnDispose(Boolean disposing)
   在 NewLife.DisposeBase.Dispose(Boolean disposing)

警告: 程序集绑定日志记录被关闭。
要启用程序集绑定失败日志记录，请将注册表值 [HKLM\Software\Microsoft\Fusion!EnableLog] (DWORD)设置为 1。
注意: 会有一些与程序集绑定失败日志记录关联的性能损失。
要关闭此功能，请移除注册表值 [HKLM\Software\Microsoft\Fusion!EnableLog]。

09:31:43.609 4 Y - 设计错误，OnDispose中尽可能的不要抛出异常！System.IO.FileNotFoundException: 未能加载文件或程序集“Interop.ADOX, Version=2.8.0.0, Culture=neutral, PublicKeyToken=null”或它的某一个依赖项。系统找不到指定的文件。
文件名:“Interop.ADOX, Version=2.8.0.0, Culture=neutral, PublicKeyToken=null”
   在 XCode.DataAccessLayer.ADOTabe.OnDispose(Boolean disposing)
   在 NewLife.DisposeBase.Dispose(Boolean disposing)

警告: 程序集绑定日志记录被关闭。
要启用程序集绑定失败日志记录，请将注册表值 [HKLM\Software\Microsoft\Fusion!EnableLog] (DWORD)设置为 1。
注意: 会有一些与程序集绑定失败日志记录关联的性能损失。
要关闭此功能，请移除注册表值 [HKLM\Software\Microsoft\Fusion!EnableLog]。

09:31:43.609 4 Y - 设计错误，OnDispose中尽可能的不要抛出异常！System.IO.FileNotFoundException: 未能加载文件或程序集“Interop.ADOX, Version=2.8.0.0, Culture=neutral, PublicKeyToken=null”或它的某一个依赖项。系统找不到指定的文件。
文件名:“Interop.ADOX, Version=2.8.0.0, Culture=neutral, PublicKeyToken=null”
   在 XCode.DataAccessLayer.ADOTabe.OnDispose(Boolean disposing)
   在 NewLife.DisposeBase.Dispose(Boolean disposing)

警告: 程序集绑定日志记录被关闭。
要启用程序集绑定失败日志记录，请将注册表值 [HKLM\Software\Microsoft\Fusion!EnableLog] (DWORD)设置为 1。
注意: 会有一些与程序集绑定失败日志记录关联的性能损失。
要关闭此功能，请移除注册表值 [HKLM\Software\Microsoft\Fusion!EnableLog]。

