#Software: .
#ProcessID: 5920
#AppDomain: c5a66244-3-129930265810120560
#BaseDirectory: C:\DevelopMent\Bioinfo\BioinfoWebSite\
#Date: 2012-09-25
#Fields: Time ThreadID IsPoolThread ThreadName Message
14:03:02.010 4 W - NewLife.Core v3.8.2012.0803 Build 2012-09-21 12:08:02
14:03:02.026 4 W - NewLife.XCode v8.8.2012.0828 Build 2012-09-21 12:06:10
14:03:02.026 4 W - 开始初始化实体类User
14:03:02.026 4 W - 完成初始化实体类User
14:03:02.026 4 W - 开始初始化实体类Administrator
14:03:02.026 4 W - 完成初始化实体类Administrator
14:03:02.696 4 W - 为NewLife.CommonEntity.IManageProvider配置注册YWSManageProvider，标识Identity=，优先级Priority=5！
14:03:02.806 4 W - System.Configuration.ConfigurationErrorsException: 未能加载文件或程序集“NewLife.YWS.Entities”或它的某一个依赖项。系统找不到指定的文件。 (C:\DevelopMent\Bioinfo\BioinfoWebSite\web.config line 65) ---> System.IO.FileNotFoundException: 未能加载文件或程序集“NewLife.YWS.Entities”或它的某一个依赖项。系统找不到指定的文件。
   在 System.RuntimeTypeHandle.GetTypeByName(String name, Boolean throwOnError, Boolean ignoreCase, Boolean reflectionOnly, StackCrawlMarkHandle stackMark, Boolean loadTypeFromPartialName, ObjectHandleOnStack type)
   在 System.RuntimeTypeHandle.GetTypeByName(String name, Boolean throwOnError, Boolean ignoreCase, Boolean reflectionOnly, StackCrawlMark& stackMark, Boolean loadTypeFromPartialName)
   在 System.RuntimeType.GetType(String typeName, Boolean throwOnError, Boolean ignoreCase, Boolean reflectionOnly, StackCrawlMark& stackMark)
   在 System.Type.GetType(String typeName, Boolean throwOnError, Boolean ignoreCase)
   在 System.Web.Compilation.BuildManager.GetType(String typeName, Boolean throwOnError, Boolean ignoreCase)
   在 System.Web.Configuration.ConfigUtil.GetType(String typeName, String propertyName, ConfigurationElement configElement, XmlNode node, Boolean checkAptcaBit, Boolean ignoreCase)
   --- 内部异常堆栈跟踪的结尾 ---
   在 System.Web.Configuration.ConfigUtil.GetType(String typeName, String propertyName, ConfigurationElement configElement, XmlNode node, Boolean checkAptcaBit, Boolean ignoreCase)
   在 System.Web.Configuration.ConfigUtil.GetType(String typeName, String propertyName, ConfigurationElement configElement)
   在 System.Web.Configuration.HttpHandlerAction.InitValidateInternal()
   在 System.Web.Configuration.HttpHandlersSection.ValidateHandlers()
   在 System.Web.Configuration.HttpHandlersSection.FindMapping(String verb, VirtualPath path)
   在 System.Web.HttpApplication.GetHandlerMapping(HttpContext context, String requestType, VirtualPath path, Boolean useAppConfig)
   在 System.Web.HttpApplication.MapHttpHandler(HttpContext context, String requestType, VirtualPath path, String pathTranslated, Boolean useAppConfig)
   在 System.Web.HttpApplication.MapHandlerExecutionStep.System.Web.HttpApplication.IExecutionStep.Execute()
   在 System.Web.HttpApplication.ExecuteStep(IExecutionStep step, Boolean& completedSynchronously)
来源：127.0.0.1
平台：Mozilla/4.0 (compatible; MSIE 7.0; Windows NT 6.1; Trident/4.0; SLCC2; .NET CLR 2.0.50727; .NET CLR 3.5.30729; .NET CLR 3.0.30729; Media Center PC 6.0; .NET4.0C; .NET4.0E)
访问：/BioinfoWebSite/Default.aspx
引用：
用户：DBH-PC\DBH(NTLM)


#Software: .
#ProcessID: 5920
#AppDomain: c5a66244-4-129930266445924227
#BaseDirectory: C:\DevelopMent\Bioinfo\BioinfoWebSite\
#Date: 2012-09-25
#Fields: Time ThreadID IsPoolThread ThreadName Message
14:04:06.027 10 W - NewLife.Core v3.8.2012.0803 Build 2012-09-21 12:08:02
14:04:06.027 10 W - 为NewLife.CommonEntity.IManageProvider配置注册YWSManageProvider，标识Identity=，优先级Priority=5！
14:04:06.448 10 W - NewLife.XCode v8.8.2012.0828 Build 2012-09-21 12:06:10
14:04:06.448 10 W - 检查实体Bioinfo.Entites.Setting的数据表架构，模式：CheckAllTablesWhenInit，调用栈：Entity<>.Meta.CheckModel()<-.get_LongCount()<-.get_Count()<-Setting.FindById(Int32 id)<-EntityHelper.GetName()<-_Default.Page_Load(Object sender,EventArgs e)<-CalliHelper.EventArgFunctionCaller(IntPtr fp,Object o,Object t,EventArgs e)<-CalliEventHandlerDelegateProxy.Callback(Object sender,EventArgs e)<-Control.OnLoad(EventArgs e)<-.LoadRecursive()
14:04:06.448 10 W - 集中初始化表架构时没赶上，现在补上！
14:04:06.448 10 W - 开始同步检查表[WebSetting/MySql]的数据表架构……
14:04:06.464 10 W - 准备从http://j.nnhy.org/?id=3&f=MySql.Data.zip下载文件到C:\DevelopMent\Bioinfo\BioinfoWebSite\bin\MySql.Data.zip！
14:04:09.615 10 W - 下载C:\DevelopMent\Bioinfo\BioinfoWebSite\bin\MySql.Data.zip完成（133,176字节），耗时00:00:03.1495883，准备解压到C:\DevelopMent\Bioinfo\BioinfoWebSite\bin！
14:04:09.709 10 W - 解压完成！
14:04:10.005 10 W - 检查表[WebSetting/MySql]的数据表架构耗时00:00:03.5526508
14:04:10.005 10 W - 初始化Bioinfo.Entites.Setting数据，调用栈：Entity<>.Meta.WaitForInitData(Int32 millisecondsTimeout)<-.get_LongCount()<-.get_Count()<-Setting.FindById(Int32 id)<-EntityHelper.GetName()<-_Default.Page_Load(Object sender,EventArgs e)<-CalliHelper.EventArgFunctionCaller(IntPtr fp,Object o,Object t,EventArgs e)<-CalliEventHandlerDelegateProxy.Callback(Object sender,EventArgs e)<-Control.OnLoad(EventArgs e)<-.LoadRecursive()
14:04:10.021 10 W - 开始初始化实体类Setting
14:04:10.021 10 W - 完成初始化实体类Setting
14:04:10.021 10 W - 一级缓存：关闭缓存
14:04:10.021 10 W - 更新实体缓存（第1次）：Bioinfo.Entites.Setting 原因：第一次 Setting.FindById(Int32 id)<-EntityHelper.GetName()
14:04:10.036 10 W - 开始检查连接[Common/MySql]的数据库架构……
14:04:10.099 10 W - [Common]的所有实体类（20个）：Category,News,Messages,Setting,Sequence,GuidCategory,Administrator,Menu,Role,RoleMenu,Log,Area,User,Simple,SimpleTree,Setting,Statistics,UserProfile,Attachment,Category
14:04:10.099 10 W - [Common]需要检查架构的实体类（4个）：Category,News,Messages,Setting
14:04:10.099 10 W - Common待检查表架构的实体个数：4
14:04:10.099 10 W - 检查连接[Common/MySql]的数据库架构耗时00:00:00.0557316
14:04:10.114 10 W - 完成更新缓存（第1次）：Bioinfo.Entites.Setting
