#Software: .
#ProcessID: 1040
#AppDomain: c5a66244-1-129932633280720377
#BaseDirectory: C:\DevelopMent\Bioinfo\BioinfoWebSite\
#Date: 2012-09-28
#Fields: Time ThreadID IsPoolThread ThreadName Message
07:48:48.758 4 W - NewLife.Core v3.8.2012.0803 Build 2012-09-25 12:03:50
07:48:48.758 4 W - 为NewLife.CommonEntity.IManageProvider配置注册YWSManageProvider，标识Identity=，优先级Priority=5！
07:48:50.443 9 W - NewLife.XCode v8.8.2012.0828 Build 2012-09-25 12:01:34
07:48:50.443 9 W - 检查实体NewLife.CommonEntity.Setting的数据表架构，模式：CheckTableWhenFirstUse
07:48:50.568 9 W - 初始化NewLife.CommonEntity.Setting数据
07:48:50.583 9 W - 开始检查连接[Common/MySql]的数据库架构……
07:48:50.661 9 W - [Common]的所有实体类（18个）：Sequence,GuidCategory,Administrator,Menu,Role,RoleMenu,Log,Area,User,Simple,SimpleTree,Setting,Statistics,UserProfile,Attachment,Category,MyRole,Admin
07:48:50.661 9 W - [Common]需要检查架构的实体类（2个）：MyRole,Admin
07:48:50.661 9 W - Common待检查表架构的实体个数：2
07:48:50.739 4 Y - DropDefault(LastLogin)
07:48:50.880 9 W - DropDefault(LastLogin)
07:48:50.958 9 W - 检查连接[Common/MySql]的数据库架构耗时00:00:00.3829447
07:48:50.958 4 Y - 初始化NewLife.YWS.Entities.Admin数据
07:48:50.973 9 W - 一级缓存：关闭缓存
07:48:53.578 11 W - 更新实体缓存（第1次）：NewLife.YWS.Entities.Admin 原因：第一次 Administrator<>.FindByName(String name)<-.Login(String username,String password,Int32 hashTimes)
07:48:53.578 11 W - 完成更新缓存（第1次）：NewLife.YWS.Entities.Admin
07:48:53.614 11 W - 清空实体缓存：NewLife.YWS.Entities.Admin 原因：修改数据后提交事务
07:48:53.634 11 W - 检查实体NewLife.CommonEntity.Log的数据表架构，模式：CheckTableWhenFirstUse
07:48:53.700 11 W - DropDefault(OccurTime)
07:48:53.700 11 W - AddDefault(OccurTime,)
07:48:53.700 11 W - 初始化NewLife.CommonEntity.Log数据
07:48:53.762 9 W - 更新实体缓存（第1次）：NewLife.YWS.Entities.MyRole 原因：第一次 Role<>.FindByID(Int32 id)<-
07:48:53.762 9 W - 初始化NewLife.YWS.Entities.MyRole数据
07:48:53.778 9 W - 检查实体NewLife.CommonEntity.RoleMenu的数据表架构，模式：CheckTableWhenFirstUse
07:48:53.778 9 W - 初始化NewLife.CommonEntity.RoleMenu数据
07:48:53.778 9 W - 如果某一个菜单对应的RoleMenu（角色菜单对应关系）为空或者只有一个，则授权第一个角色访问所有菜单！
07:48:53.809 9 W - 更新实体缓存（第1次）：NewLife.CommonEntity.Menu 原因：第一次 EntityTree<,>.FindAllByParent(EntityTree<,>.TKey parentKey)<-.FindChilds()
07:48:53.809 9 W - 检查实体NewLife.CommonEntity.Menu的数据表架构，模式：CheckTableWhenFirstUse
07:48:53.840 9 W - 初始化NewLife.CommonEntity.Menu数据
07:48:53.840 9 W - 完成更新缓存（第1次）：NewLife.CommonEntity.Menu
07:48:53.856 9 W - 更新实体缓存（第1次）：NewLife.CommonEntity.RoleMenu 原因：第一次 RoleMenu<>.CheckNonePerssion(Int32 menuID)<-Role<,,>.InitData()
07:48:53.871 9 W - 完成更新缓存（第1次）：NewLife.CommonEntity.RoleMenu
07:48:53.871 9 W - 完成更新缓存（第1次）：NewLife.YWS.Entities.MyRole
07:48:59.470 4 W - 初始化Bioinfo.Entites.News数据
07:48:59.510 4 W - 初始化Bioinfo.Entites.Category数据
07:48:59.520 4 W - 更新实体缓存（第1次）：Bioinfo.Entites.Category 原因：第一次 Category.FindById(Int32 id)<-News.get_Category()
07:48:59.530 4 W - 完成更新缓存（第1次）：Bioinfo.Entites.Category
07:50:14.792 2 N - 清空单对象缓存：NewLife.CommonEntity.Setting

#Software: .
#ProcessID: 4936
#AppDomain: c5a66244-1-129932634249019859
#BaseDirectory: C:\DevelopMent\Bioinfo\BioinfoWebSite\
#Date: 2012-09-28
#Fields: Time ThreadID IsPoolThread ThreadName Message
07:50:25.553 4 W - NewLife.Core v3.8.2012.0803 Build 2012-09-25 12:03:50
07:50:25.556 4 W - 为NewLife.CommonEntity.IManageProvider配置注册YWSManageProvider，标识Identity=，优先级Priority=5！
07:50:26.985 4 W - NewLife.XCode v8.8.2012.0828 Build 2012-09-25 12:01:34
07:50:26.986 4 W - 一级缓存：关闭缓存
07:50:27.005 4 W - 更新实体缓存（第1次）：NewLife.YWS.Entities.Admin 原因：第一次 Administrator<>.FindByName(String name)<-.Login(String username,String password,Int32 hashTimes)
07:50:27.485 4 W - DropDefault(LastLogin)
07:50:27.530 4 W - 初始化NewLife.YWS.Entities.Admin数据
07:50:27.544 4 W - 开始检查连接[Common/MySql]的数据库架构……
07:50:27.630 4 W - [Common]的所有实体类（18个）：Sequence,GuidCategory,Administrator,Menu,Role,RoleMenu,Log,Area,User,Simple,SimpleTree,Setting,Statistics,UserProfile,Attachment,Category,MyRole,Admin
07:50:27.630 4 W - [Common]需要检查架构的实体类（2个）：MyRole,Admin
07:50:27.631 4 W - Common待检查表架构的实体个数：2
07:50:27.784 4 W - DropDefault(LastLogin)
07:50:27.817 4 W - 检查连接[Common/MySql]的数据库架构耗时00:00:00.2726624
07:50:27.840 4 W - 完成更新缓存（第1次）：NewLife.YWS.Entities.Admin
07:50:27.902 4 W - 清空实体缓存：NewLife.YWS.Entities.Admin 原因：修改数据后提交事务
07:50:27.928 4 W - 检查实体NewLife.CommonEntity.Log的数据表架构，模式：CheckTableWhenFirstUse
07:50:27.929 4 W - DropDefault(OccurTime)
07:50:27.929 4 W - AddDefault(OccurTime,)
07:50:27.929 4 W - 初始化NewLife.CommonEntity.Log数据
07:50:27.972 4 W - 更新实体缓存（第1次）：NewLife.YWS.Entities.MyRole 原因：第一次 Role<>.FindByID(Int32 id)<-
07:50:27.973 4 W - 初始化NewLife.YWS.Entities.MyRole数据
07:50:27.985 4 W - 检查实体NewLife.CommonEntity.RoleMenu的数据表架构，模式：CheckTableWhenFirstUse
07:50:27.988 4 W - 初始化NewLife.CommonEntity.RoleMenu数据
07:50:27.989 4 W - 如果某一个菜单对应的RoleMenu（角色菜单对应关系）为空或者只有一个，则授权第一个角色访问所有菜单！
07:50:28.003 4 W - 更新实体缓存（第1次）：NewLife.CommonEntity.Menu 原因：第一次 EntityTree<,>.FindAllByParent(EntityTree<,>.TKey parentKey)<-.FindChilds()
07:50:28.003 4 W - 检查实体NewLife.CommonEntity.Menu的数据表架构，模式：CheckTableWhenFirstUse
07:50:28.044 4 W - 初始化NewLife.CommonEntity.Menu数据
07:50:28.053 4 W - 完成更新缓存（第1次）：NewLife.CommonEntity.Menu
07:50:28.066 4 W - 更新实体缓存（第1次）：NewLife.CommonEntity.RoleMenu 原因：第一次 RoleMenu<>.CheckNonePerssion(Int32 menuID)<-Role<,,>.InitData()
07:50:28.070 4 W - 完成更新缓存（第1次）：NewLife.CommonEntity.RoleMenu
07:50:28.084 4 W - 完成更新缓存（第1次）：NewLife.YWS.Entities.MyRole
07:50:28.122 4 W - 检查实体NewLife.CommonEntity.Setting的数据表架构，模式：CheckTableWhenFirstUse
07:50:28.122 4 W - 初始化NewLife.CommonEntity.Setting数据
07:50:32.958 4 W - 初始化Bioinfo.Entites.News数据
07:50:33.018 4 W - 初始化Bioinfo.Entites.Category数据
07:50:33.022 4 W - 更新实体缓存（第1次）：Bioinfo.Entites.Category 原因：第一次 Category.FindById(Int32 id)<-News.get_Category()
07:50:33.030 4 W - 完成更新缓存（第1次）：Bioinfo.Entites.Category
07:51:46.991 8 W - 更新实体缓存（第2次）：NewLife.CommonEntity.Menu 原因：60秒过期 Menu<>.GetCurrentMenu()<-.get_Current()
07:51:46.996 8 W - 完成更新缓存（第2次）：NewLife.CommonEntity.Menu
07:51:47.005 8 W - 更新实体缓存（第2次）：Bioinfo.Entites.Category 原因：60秒过期 EntityTree<,>.FindAllByParent(EntityTree<,>.TKey parentKey)<-Common_NewsForm.Page_Load(Object sender,EventArgs e)
07:51:47.008 8 W - 完成更新缓存（第2次）：Bioinfo.Entites.Category
07:52:55.726 2 N - 清空单对象缓存：NewLife.CommonEntity.Setting

#Software: .
#ProcessID: 6048
#AppDomain: c5a66244-1-129932635793929436
#BaseDirectory: C:\DevelopMent\Bioinfo\BioinfoWebSite\
#Date: 2012-09-28
#Fields: Time ThreadID IsPoolThread ThreadName Message
07:53:00.048 4 W - NewLife.Core v3.8.2012.0803 Build 2012-09-25 12:03:50
07:53:00.048 4 W - 为NewLife.CommonEntity.IManageProvider配置注册YWSManageProvider，标识Identity=，优先级Priority=5！
07:53:01.654 9 W - NewLife.XCode v8.8.2012.0828 Build 2012-09-25 12:01:34
07:53:01.654 9 W - 检查实体NewLife.CommonEntity.Setting的数据表架构，模式：CheckTableWhenFirstUse
07:53:01.795 9 W - 初始化NewLife.CommonEntity.Setting数据
07:53:01.810 9 W - 开始检查连接[Common/MySql]的数据库架构……
07:53:01.888 9 W - [Common]的所有实体类（18个）：Sequence,GuidCategory,Administrator,Menu,Role,RoleMenu,Log,Area,User,Simple,SimpleTree,Setting,Statistics,UserProfile,Attachment,Category,MyRole,Admin
07:53:01.888 9 W - [Common]需要检查架构的实体类（2个）：MyRole,Admin
07:53:01.888 9 W - Common待检查表架构的实体个数：2
07:53:01.951 4 Y - DropDefault(LastLogin)
07:53:02.091 9 W - DropDefault(LastLogin)
07:53:02.154 9 W - 检查连接[Common/MySql]的数据库架构耗时00:00:00.3563672
07:53:02.154 4 Y - 初始化NewLife.YWS.Entities.Admin数据
07:53:02.169 9 W - 一级缓存：关闭缓存
07:53:03.651 4 W - 更新实体缓存（第1次）：NewLife.YWS.Entities.Admin 原因：第一次 Administrator<>.FindByName(String name)<-.Login(String username,String password,Int32 hashTimes)
07:53:03.651 4 W - 完成更新缓存（第1次）：NewLife.YWS.Entities.Admin
07:53:03.682 4 W - 清空实体缓存：NewLife.YWS.Entities.Admin 原因：修改数据后提交事务
07:53:03.708 4 W - 检查实体NewLife.CommonEntity.Log的数据表架构，模式：CheckTableWhenFirstUse
07:53:03.718 4 W - DropDefault(OccurTime)
07:53:03.718 4 W - AddDefault(OccurTime,)
07:53:03.718 4 W - 初始化NewLife.CommonEntity.Log数据
07:53:03.768 12 W - 更新实体缓存（第1次）：NewLife.YWS.Entities.MyRole 原因：第一次 Role<>.FindByID(Int32 id)<-
07:53:03.768 12 W - 初始化NewLife.YWS.Entities.MyRole数据
07:53:03.778 12 W - 检查实体NewLife.CommonEntity.RoleMenu的数据表架构，模式：CheckTableWhenFirstUse
07:53:03.850 12 W - 初始化NewLife.CommonEntity.RoleMenu数据
07:53:03.850 12 W - 如果某一个菜单对应的RoleMenu（角色菜单对应关系）为空或者只有一个，则授权第一个角色访问所有菜单！
07:53:03.850 12 W - 更新实体缓存（第1次）：NewLife.CommonEntity.Menu 原因：第一次 EntityTree<,>.FindAllByParent(EntityTree<,>.TKey parentKey)<-.FindChilds()
07:53:03.850 12 W - 检查实体NewLife.CommonEntity.Menu的数据表架构，模式：CheckTableWhenFirstUse
07:53:03.897 12 W - 初始化NewLife.CommonEntity.Menu数据
07:53:03.897 12 W - 完成更新缓存（第1次）：NewLife.CommonEntity.Menu
07:53:03.913 12 W - 更新实体缓存（第1次）：NewLife.CommonEntity.RoleMenu 原因：第一次 RoleMenu<>.CheckNonePerssion(Int32 menuID)<-Role<,,>.InitData()
07:53:03.913 12 W - 完成更新缓存（第1次）：NewLife.CommonEntity.RoleMenu
07:53:03.928 12 W - 完成更新缓存（第1次）：NewLife.YWS.Entities.MyRole
07:53:08.204 12 W - 初始化Bioinfo.Entites.News数据
07:53:08.235 12 W - 初始化Bioinfo.Entites.Category数据
07:53:08.251 12 W - 更新实体缓存（第1次）：Bioinfo.Entites.Category 原因：第一次 Category.FindById(Int32 id)<-News.get_Category()
07:53:08.251 12 W - 完成更新缓存（第1次）：Bioinfo.Entites.Category
07:54:04.982 12 W - 更新实体缓存（第2次）：NewLife.CommonEntity.Menu 原因：60秒过期 Menu<>.GetCurrentMenu()<-.get_Current()
07:54:04.998 12 W - 完成更新缓存（第2次）：NewLife.CommonEntity.Menu
07:54:05.061 12 W - 初始化Bioinfo.Entites.Setting数据
07:54:16.709 12 W - 初始化Bioinfo.Entites.Messages数据
07:54:29.165 12 W - 更新实体缓存（第2次）：Bioinfo.Entites.Category 原因：60秒过期 Category.FindById(Int32 id)<-News.get_Category()
07:54:29.180 12 W - 完成更新缓存（第2次）：Bioinfo.Entites.Category
07:54:47.557 9 W - 更新实体缓存（第2次）：NewLife.YWS.Entities.MyRole 原因：60秒过期 Role<>.FindByID(Int32 id)<-
07:54:47.557 9 W - 完成更新缓存（第2次）：NewLife.YWS.Entities.MyRole
07:54:56.441 2 N - 清空单对象缓存：NewLife.CommonEntity.Setting

#Software: .
#ProcessID: 5292
#AppDomain: c5a66244-1-129932638908963161
#BaseDirectory: C:\DevelopMent\Bioinfo\BioinfoWebSite\
#Date: 2012-09-28
#Fields: Time ThreadID IsPoolThread ThreadName Message
07:58:13.485 4 W - NewLife.Core v3.8.2012.0803 Build 2012-09-25 12:03:50
07:58:13.485 4 W - 为NewLife.CommonEntity.IManageProvider配置注册YWSManageProvider，标识Identity=，优先级Priority=5！
07:58:14.603 8 W - NewLife.XCode v8.8.2012.0828 Build 2012-09-25 12:01:34
07:58:14.603 8 W - 检查实体NewLife.CommonEntity.Setting的数据表架构，模式：CheckTableWhenFirstUse
07:58:14.764 8 W - 初始化NewLife.CommonEntity.Setting数据
07:58:14.771 8 W - 开始检查连接[Common/MySql]的数据库架构……
07:58:14.835 8 W - [Common]的所有实体类（22个）：News,Messages,Setting,Category,Sequence,GuidCategory,Administrator,Menu,Role,RoleMenu,Log,Area,User,Simple,SimpleTree,Setting,Statistics,UserProfile,Attachment,Category,MyRole,Admin
07:58:14.835 8 W - [Common]需要检查架构的实体类（6个）：News,Messages,Setting,Category,MyRole,Admin
07:58:14.835 8 W - Common待检查表架构的实体个数：6
07:58:14.925 4 Y - DropDefault(LastLogin)
07:58:15.065 8 W - DropDefault(LastLogin)
07:58:15.145 8 W - 检查连接[Common/MySql]的数据库架构耗时00:00:00.3747795
07:58:15.145 8 W - 一级缓存：关闭缓存
07:58:15.145 4 Y - 初始化NewLife.YWS.Entities.Admin数据
07:58:16.772 4 W - 更新实体缓存（第1次）：NewLife.YWS.Entities.Admin 原因：第一次 Administrator<>.FindByName(String name)<-.Login(String username,String password,Int32 hashTimes)
07:58:16.772 4 W - 完成更新缓存（第1次）：NewLife.YWS.Entities.Admin
07:58:16.799 4 W - 清空实体缓存：NewLife.YWS.Entities.Admin 原因：修改数据后提交事务
07:58:16.829 4 W - 检查实体NewLife.CommonEntity.Log的数据表架构，模式：CheckTableWhenFirstUse
07:58:16.829 4 W - DropDefault(OccurTime)
07:58:16.829 4 W - AddDefault(OccurTime,)
07:58:16.829 4 W - 初始化NewLife.CommonEntity.Log数据
07:58:16.889 11 W - 更新实体缓存（第1次）：NewLife.YWS.Entities.MyRole 原因：第一次 Role<>.FindByID(Int32 id)<-
07:58:16.889 11 W - 初始化NewLife.YWS.Entities.MyRole数据
07:58:16.899 11 W - 检查实体NewLife.CommonEntity.RoleMenu的数据表架构，模式：CheckTableWhenFirstUse
07:58:16.962 11 W - 初始化NewLife.CommonEntity.RoleMenu数据
07:58:16.962 11 W - 如果某一个菜单对应的RoleMenu（角色菜单对应关系）为空或者只有一个，则授权第一个角色访问所有菜单！
07:58:16.977 11 W - 更新实体缓存（第1次）：NewLife.CommonEntity.Menu 原因：第一次 EntityTree<,>.FindAllByParent(EntityTree<,>.TKey parentKey)<-.FindChilds()
07:58:16.977 11 W - 检查实体NewLife.CommonEntity.Menu的数据表架构，模式：CheckTableWhenFirstUse
07:58:17.024 11 W - 初始化NewLife.CommonEntity.Menu数据
07:58:17.024 11 W - 完成更新缓存（第1次）：NewLife.CommonEntity.Menu
07:58:17.040 11 W - 更新实体缓存（第1次）：NewLife.CommonEntity.RoleMenu 原因：第一次 RoleMenu<>.CheckNonePerssion(Int32 menuID)<-Role<,,>.InitData()
07:58:17.040 11 W - 完成更新缓存（第1次）：NewLife.CommonEntity.RoleMenu
07:58:17.055 11 W - 完成更新缓存（第1次）：NewLife.YWS.Entities.MyRole
07:58:22.432 8 W - 初始化Bioinfo.Entites.News数据
07:58:22.447 8 W - 初始化Bioinfo.Entites.Category数据
07:58:22.463 8 W - 更新实体缓存（第1次）：Bioinfo.Entites.Category 原因：第一次 Category.FindById(Int32 id)<-News.get_Category()
07:58:22.463 8 W - 完成更新缓存（第1次）：Bioinfo.Entites.Category
08:02:44.411 2 N - 清空单对象缓存：NewLife.CommonEntity.Setting

#Software: .
#ProcessID: 3516
#AppDomain: c5a66244-1-129932642113707370
#BaseDirectory: C:\DevelopMent\Bioinfo\BioinfoWebSite\
#Date: 2012-09-28
#Fields: Time ThreadID IsPoolThread ThreadName Message
08:03:32.025 4 W - NewLife.Core v3.8.2012.0803 Build 2012-09-25 12:03:50
08:03:32.025 4 W - 为NewLife.CommonEntity.IManageProvider配置注册YWSManageProvider，标识Identity=，优先级Priority=5！
08:03:33.523 8 W - NewLife.XCode v8.8.2012.0828 Build 2012-09-25 12:01:34
08:03:33.523 8 W - 检查实体NewLife.CommonEntity.Setting的数据表架构，模式：CheckTableWhenFirstUse
08:03:33.663 8 W - 初始化NewLife.CommonEntity.Setting数据
08:03:33.663 8 W - 开始检查连接[Common/MySql]的数据库架构……
08:03:33.741 8 W - [Common]的所有实体类（18个）：Sequence,GuidCategory,Administrator,Menu,Role,RoleMenu,Log,Area,User,Simple,SimpleTree,Setting,Statistics,UserProfile,Attachment,Category,MyRole,Admin
08:03:33.741 8 W - [Common]需要检查架构的实体类（2个）：MyRole,Admin
08:03:33.741 8 W - Common待检查表架构的实体个数：2
08:03:33.804 4 Y - DropDefault(LastLogin)
08:03:33.944 8 W - DropDefault(LastLogin)
08:03:34.022 4 Y - 初始化NewLife.YWS.Entities.Admin数据
08:03:34.022 8 W - 检查连接[Common/MySql]的数据库架构耗时00:00:00.3551612
08:03:34.022 8 W - 一级缓存：关闭缓存
08:03:41.838 8 W - 更新实体缓存（第1次）：NewLife.YWS.Entities.Admin 原因：第一次 Administrator<>.FindByName(String name)<-.Login(String username,String password,Int32 hashTimes)
08:03:41.853 8 W - 完成更新缓存（第1次）：NewLife.YWS.Entities.Admin
08:03:41.895 8 W - 清空实体缓存：NewLife.YWS.Entities.Admin 原因：修改数据后提交事务
08:03:41.925 8 W - 检查实体NewLife.CommonEntity.Log的数据表架构，模式：CheckTableWhenFirstUse
08:03:41.925 8 W - DropDefault(OccurTime)
08:03:41.925 8 W - AddDefault(OccurTime,)
08:03:41.925 8 W - 初始化NewLife.CommonEntity.Log数据
08:03:41.975 11 W - 更新实体缓存（第1次）：NewLife.YWS.Entities.MyRole 原因：第一次 Role<>.FindByID(Int32 id)<-
08:03:41.975 11 W - 初始化NewLife.YWS.Entities.MyRole数据
08:03:41.985 11 W - 检查实体NewLife.CommonEntity.RoleMenu的数据表架构，模式：CheckTableWhenFirstUse
08:03:42.051 11 W - 初始化NewLife.CommonEntity.RoleMenu数据
08:03:42.051 11 W - 如果某一个菜单对应的RoleMenu（角色菜单对应关系）为空或者只有一个，则授权第一个角色访问所有菜单！
08:03:42.067 11 W - 更新实体缓存（第1次）：NewLife.CommonEntity.Menu 原因：第一次 EntityTree<,>.FindAllByParent(EntityTree<,>.TKey parentKey)<-.FindChilds()
08:03:42.067 11 W - 检查实体NewLife.CommonEntity.Menu的数据表架构，模式：CheckTableWhenFirstUse
08:03:42.098 11 W - 初始化NewLife.CommonEntity.Menu数据
08:03:42.114 11 W - 完成更新缓存（第1次）：NewLife.CommonEntity.Menu
08:03:42.129 11 W - 更新实体缓存（第1次）：NewLife.CommonEntity.RoleMenu 原因：第一次 RoleMenu<>.CheckNonePerssion(Int32 menuID)<-Role<,,>.InitData()
08:03:42.129 11 W - 完成更新缓存（第1次）：NewLife.CommonEntity.RoleMenu
08:03:42.145 11 W - 完成更新缓存（第1次）：NewLife.YWS.Entities.MyRole
08:03:46.396 11 W - 初始化Bioinfo.Entites.News数据
08:03:46.427 11 W - 初始化Bioinfo.Entites.Category数据
08:03:46.443 11 W - 更新实体缓存（第1次）：Bioinfo.Entites.Category 原因：第一次 Category.FindById(Int32 id)<-News.get_Category()
08:03:46.443 11 W - 完成更新缓存（第1次）：Bioinfo.Entites.Category
08:06:37.181 2 N - 清空单对象缓存：NewLife.CommonEntity.Setting

#Software: .
#ProcessID: 4876
#AppDomain: c5a66244-1-129932651301856078
#BaseDirectory: C:\DevelopMent\Bioinfo\BioinfoWebSite\
#Date: 2012-09-28
#Fields: Time ThreadID IsPoolThread ThreadName Message
08:18:50.848 4 W - NewLife.Core v3.8.2012.0803 Build 2012-09-25 12:03:50
08:18:50.851 4 W - 为NewLife.CommonEntity.IManageProvider配置注册YWSManageProvider，标识Identity=，优先级Priority=5！
08:18:52.389 4 W - NewLife.XCode v8.8.2012.0828 Build 2012-09-25 12:01:34
08:18:52.391 4 W - 一级缓存：关闭缓存
08:18:52.409 4 W - 更新实体缓存（第1次）：NewLife.YWS.Entities.Admin 原因：第一次 Administrator<>.FindByName(String name)<-.Login(String username,String password,Int32 hashTimes)
08:18:52.995 4 W - DropDefault(LastLogin)
08:18:53.038 4 W - 初始化NewLife.YWS.Entities.Admin数据
08:18:53.052 4 W - 开始检查连接[Common/MySql]的数据库架构……
08:18:53.137 4 W - [Common]的所有实体类（18个）：Sequence,GuidCategory,Administrator,Menu,Role,RoleMenu,Log,Area,User,Simple,SimpleTree,Setting,Statistics,UserProfile,Attachment,Category,MyRole,Admin
08:18:53.137 4 W - [Common]需要检查架构的实体类（2个）：MyRole,Admin
08:18:53.138 4 W - Common待检查表架构的实体个数：2
08:18:53.277 4 W - DropDefault(LastLogin)
08:18:53.322 4 W - 检查连接[Common/MySql]的数据库架构耗时00:00:00.2696936
08:18:53.345 4 W - 完成更新缓存（第1次）：NewLife.YWS.Entities.Admin
08:18:53.411 4 W - 清空实体缓存：NewLife.YWS.Entities.Admin 原因：修改数据后提交事务
08:18:53.435 4 W - 检查实体NewLife.CommonEntity.Log的数据表架构，模式：CheckTableWhenFirstUse
08:18:53.436 4 W - DropDefault(OccurTime)
08:18:53.436 4 W - AddDefault(OccurTime,)
08:18:53.436 4 W - 初始化NewLife.CommonEntity.Log数据
08:18:53.474 4 W - 更新实体缓存（第1次）：NewLife.YWS.Entities.MyRole 原因：第一次 Role<>.FindByID(Int32 id)<-
08:18:53.475 4 W - 初始化NewLife.YWS.Entities.MyRole数据
08:18:53.487 4 W - 检查实体NewLife.CommonEntity.RoleMenu的数据表架构，模式：CheckTableWhenFirstUse
08:18:53.490 4 W - 初始化NewLife.CommonEntity.RoleMenu数据
08:18:53.491 4 W - 如果某一个菜单对应的RoleMenu（角色菜单对应关系）为空或者只有一个，则授权第一个角色访问所有菜单！
08:18:53.503 4 W - 更新实体缓存（第1次）：NewLife.CommonEntity.Menu 原因：第一次 EntityTree<,>.FindAllByParent(EntityTree<,>.TKey parentKey)<-.FindChilds()
08:18:53.504 4 W - 检查实体NewLife.CommonEntity.Menu的数据表架构，模式：CheckTableWhenFirstUse
08:18:53.541 4 W - 初始化NewLife.CommonEntity.Menu数据
08:18:53.550 4 W - 完成更新缓存（第1次）：NewLife.CommonEntity.Menu
08:18:53.563 4 W - 更新实体缓存（第1次）：NewLife.CommonEntity.RoleMenu 原因：第一次 RoleMenu<>.CheckNonePerssion(Int32 menuID)<-Role<,,>.InitData()
08:18:53.568 4 W - 完成更新缓存（第1次）：NewLife.CommonEntity.RoleMenu
08:18:53.581 4 W - 完成更新缓存（第1次）：NewLife.YWS.Entities.MyRole
08:18:53.617 4 W - 检查实体NewLife.CommonEntity.Setting的数据表架构，模式：CheckTableWhenFirstUse
08:18:53.617 4 W - 初始化NewLife.CommonEntity.Setting数据
08:19:00.114 11 W - 初始化Bioinfo.Entites.News数据
08:19:00.179 11 W - 初始化Bioinfo.Entites.Category数据
08:19:00.183 11 W - 更新实体缓存（第1次）：Bioinfo.Entites.Category 原因：第一次 Category.FindById(Int32 id)<-News.get_Category()
08:19:00.188 11 W - 完成更新缓存（第1次）：Bioinfo.Entites.Category
08:19:59.244 2 N - 清空单对象缓存：NewLife.CommonEntity.Setting

#Software: .
#ProcessID: 6124
#AppDomain: c5a66244-1-129932652547387319
#BaseDirectory: C:\DevelopMent\Bioinfo\BioinfoWebSite\
#Date: 2012-09-28
#Fields: Time ThreadID IsPoolThread ThreadName Message
08:20:55.442 4 W - NewLife.Core v3.8.2012.0803 Build 2012-09-25 12:03:50
08:20:55.445 4 W - 为NewLife.CommonEntity.IManageProvider配置注册YWSManageProvider，标识Identity=，优先级Priority=5！
08:20:56.860 8 W - NewLife.XCode v8.8.2012.0828 Build 2012-09-25 12:01:34
08:20:56.861 8 W - 一级缓存：关闭缓存
08:20:56.877 8 W - 更新实体缓存（第1次）：NewLife.CommonEntity.Menu 原因：第一次 EntityTree<,>.FindAllByParent(EntityTree<,>.TKey parentKey)<-.FindChilds()
08:20:57.055 8 W - 检查实体NewLife.CommonEntity.Menu的数据表架构，模式：CheckTableWhenFirstUse
08:20:57.254 8 W - 初始化NewLife.CommonEntity.Menu数据
08:20:57.267 8 W - 开始检查连接[Common/MySql]的数据库架构……
08:20:57.352 8 W - [Common]的所有实体类（18个）：Sequence,GuidCategory,Administrator,Menu,Role,RoleMenu,Log,Area,User,Simple,SimpleTree,Setting,Statistics,UserProfile,Attachment,Category,MyRole,Admin
08:20:57.352 8 W - [Common]需要检查架构的实体类（2个）：MyRole,Admin
08:20:57.352 8 W - Common待检查表架构的实体个数：2
08:20:57.490 8 W - DropDefault(LastLogin)
08:20:57.525 8 W - 检查连接[Common/MySql]的数据库架构耗时00:00:00.2579391
08:20:57.546 8 W - 完成更新缓存（第1次）：NewLife.CommonEntity.Menu
08:20:57.567 4 W - 更新实体缓存（第1次）：NewLife.YWS.Entities.Admin 原因：第一次 Administrator<>.FindByName(String name)<-.Login(String username,String password,Int32 hashTimes)
08:20:57.567 4 W - 初始化NewLife.YWS.Entities.Admin数据
08:20:57.580 4 W - 完成更新缓存（第1次）：NewLife.YWS.Entities.Admin
08:20:57.639 4 W - 清空实体缓存：NewLife.YWS.Entities.Admin 原因：修改数据后提交事务
08:20:57.666 9 W - 检查实体NewLife.CommonEntity.Log的数据表架构，模式：CheckTableWhenFirstUse
08:20:57.699 4 W - 更新实体缓存（第1次）：NewLife.YWS.Entities.MyRole 原因：第一次 Role<>.FindByID(Int32 id)<-
08:20:57.700 4 W - 初始化NewLife.YWS.Entities.MyRole数据
08:20:57.714 4 W - 检查实体NewLife.CommonEntity.RoleMenu的数据表架构，模式：CheckTableWhenFirstUse
08:20:57.748 9 W - DropDefault(OccurTime)
08:20:57.748 9 W - AddDefault(OccurTime,)
08:20:57.748 9 W - 初始化NewLife.CommonEntity.Log数据
08:20:57.755 4 W - 修改表AddColumn失败！Duplicate column name 'ID'[SQL:Alter Table RoleMenu Add ID INT NOT NULL AUTO_INCREMENT COMMENT '编号'][DB:Common/MySql]
08:20:57.758 4 W - 修改表AddColumn失败！Duplicate column name 'RoleID'[SQL:Alter Table RoleMenu Add RoleID INT COMMENT '角色编号'][DB:Common/MySql]
08:20:57.761 4 W - 修改表AddColumn失败！Duplicate column name 'MenuID'[SQL:Alter Table RoleMenu Add MenuID INT COMMENT '菜单编号'][DB:Common/MySql]
08:20:57.763 4 W - 修改表AddColumn失败！Duplicate column name 'Permission'[SQL:Alter Table RoleMenu Add Permission INT COMMENT '权限'][DB:Common/MySql]
08:20:57.767 4 W - 修改表CreateIndex失败！Duplicate key name 'IX_RoleMenu_MenuID_RoleID'[SQL:Create Unique Index IX_RoleMenu_MenuID_RoleID On RoleMenu (MenuID, RoleID)][DB:Common/MySql]
08:20:57.770 4 W - 修改表CreateIndex失败！Duplicate key name 'IX_RoleMenu_RoleID'[SQL:Create Index IX_RoleMenu_RoleID On RoleMenu (RoleID)][DB:Common/MySql]
08:20:57.773 4 W - 修改表CreateIndex失败！Duplicate key name 'IX_RoleMenu_MenuID'[SQL:Create Index IX_RoleMenu_MenuID On RoleMenu (MenuID)][DB:Common/MySql]
08:20:57.775 4 W - 初始化NewLife.CommonEntity.RoleMenu数据
08:20:57.776 4 W - 如果某一个菜单对应的RoleMenu（角色菜单对应关系）为空或者只有一个，则授权第一个角色访问所有菜单！
08:20:57.785 4 W - 更新实体缓存（第1次）：NewLife.CommonEntity.RoleMenu 原因：第一次 RoleMenu<>.CheckNonePerssion(Int32 menuID)<-Role<,,>.InitData()
08:20:57.790 4 W - 完成更新缓存（第1次）：NewLife.CommonEntity.RoleMenu
08:20:57.803 4 W - 完成更新缓存（第1次）：NewLife.YWS.Entities.MyRole
08:21:00.969 4 W - 初始化Bioinfo.Entites.News数据
08:21:01.031 4 W - 初始化Bioinfo.Entites.Category数据
08:21:01.036 4 W - 更新实体缓存（第1次）：Bioinfo.Entites.Category 原因：第一次 Category.FindById(Int32 id)<-News.get_Category()
08:21:01.041 4 W - 完成更新缓存（第1次）：Bioinfo.Entites.Category
08:21:02.239 4 W - 检查实体NewLife.CommonEntity.Administrator的数据表架构，模式：CheckTableWhenFirstUse
08:21:02.239 4 W - 创建表：Administrator(管理员)
08:21:02.580 4 W - 初始化NewLife.CommonEntity.Administrator数据
08:21:02.583 4 W - 开始初始化Administrator管理员数据……
08:21:02.614 4 W - 完成初始化Administrator管理员数据！

#Software: .
#ProcessID: 376
#AppDomain: c5a66244-1-129932657311449623
#BaseDirectory: C:\DevelopMent\Bioinfo\BioinfoWebSite\
#Date: 2012-09-28
#Fields: Time ThreadID IsPoolThread ThreadName Message
08:28:53.750 4 W - NewLife.Core v3.8.2012.0803 Build 2012-09-25 12:03:50
08:28:53.750 4 W - 为NewLife.CommonEntity.IManageProvider配置注册YWSManageProvider，标识Identity=，优先级Priority=5！
08:28:54.920 4 W - NewLife.XCode v8.8.2012.0828 Build 2012-09-25 12:01:34
08:28:54.920 4 W - 检查实体NewLife.CommonEntity.Setting的数据表架构，模式：CheckTableWhenFirstUse
08:28:55.044 4 W - 初始化NewLife.CommonEntity.Setting数据
08:28:55.044 4 W - 开始检查连接[Common/MySql]的数据库架构……
08:28:55.122 4 W - [Common]的所有实体类（22个）：News,Messages,Setting,Category,Sequence,GuidCategory,Administrator,Menu,Role,RoleMenu,Log,Area,User,Simple,SimpleTree,Setting,Statistics,UserProfile,Attachment,Category,MyRole,Admin
08:28:55.122 4 W - [Common]需要检查架构的实体类（6个）：News,Messages,Setting,Category,MyRole,Admin
08:28:55.122 4 W - Common待检查表架构的实体个数：6
08:28:55.200 8 Y - DropDefault(LastLogin)
08:28:55.356 4 W - DropDefault(LastLogin)
08:28:55.434 4 W - 检查连接[Common/MySql]的数据库架构耗时00:00:00.3861596
08:28:55.434 8 Y - 初始化NewLife.YWS.Entities.Admin数据
08:28:55.434 4 W - 一级缓存：关闭缓存
08:28:57.150 11 W - 更新实体缓存（第1次）：NewLife.YWS.Entities.Admin 原因：第一次 Administrator<>.FindByName(String name)<-.Login(String username,String password,Int32 hashTimes)
08:28:57.166 11 W - 完成更新缓存（第1次）：NewLife.YWS.Entities.Admin
08:28:57.182 11 W - 清空实体缓存：NewLife.YWS.Entities.Admin 原因：修改数据后提交事务
08:28:57.215 11 W - 检查实体NewLife.CommonEntity.Log的数据表架构，模式：CheckTableWhenFirstUse
08:28:57.295 11 W - DropDefault(OccurTime)
08:28:57.295 11 W - AddDefault(OccurTime,)
08:28:57.295 11 W - 初始化NewLife.CommonEntity.Log数据
08:28:57.326 4 W - 更新实体缓存（第1次）：NewLife.YWS.Entities.MyRole 原因：第一次 Role<>.FindByID(Int32 id)<-
08:28:57.326 4 W - 初始化NewLife.YWS.Entities.MyRole数据
08:28:57.342 4 W - 检查实体NewLife.CommonEntity.RoleMenu的数据表架构，模式：CheckTableWhenFirstUse
08:28:57.342 4 W - 初始化NewLife.CommonEntity.RoleMenu数据
08:28:57.358 4 W - 如果某一个菜单对应的RoleMenu（角色菜单对应关系）为空或者只有一个，则授权第一个角色访问所有菜单！
08:28:57.358 4 W - 更新实体缓存（第1次）：NewLife.CommonEntity.Menu 原因：第一次 EntityTree<,>.FindAllByParent(EntityTree<,>.TKey parentKey)<-.FindChilds()
08:28:57.358 4 W - 检查实体NewLife.CommonEntity.Menu的数据表架构，模式：CheckTableWhenFirstUse
08:28:57.404 4 W - 初始化NewLife.CommonEntity.Menu数据
08:28:57.404 4 W - 完成更新缓存（第1次）：NewLife.CommonEntity.Menu
08:28:57.420 4 W - 更新实体缓存（第1次）：NewLife.CommonEntity.RoleMenu 原因：第一次 RoleMenu<>.CheckNonePerssion(Int32 menuID)<-Role<,,>.InitData()
08:28:57.420 4 W - 完成更新缓存（第1次）：NewLife.CommonEntity.RoleMenu
08:28:57.436 4 W - 完成更新缓存（第1次）：NewLife.YWS.Entities.MyRole
08:29:02.364 8 W - 初始化Bioinfo.Entites.News数据
08:29:02.396 8 W - 初始化Bioinfo.Entites.Category数据
08:29:02.411 8 W - 更新实体缓存（第1次）：Bioinfo.Entites.Category 原因：第一次 Category.FindById(Int32 id)<-News.get_Category()
08:29:02.411 8 W - 完成更新缓存（第1次）：Bioinfo.Entites.Category
08:30:39.435 11 W - 更新实体缓存（第2次）：NewLife.CommonEntity.Menu 原因：60秒过期 Menu<>.GetCurrentMenu()<-.get_Current()
08:30:39.435 11 W - 完成更新缓存（第2次）：NewLife.CommonEntity.Menu
08:30:39.450 11 W - 更新实体缓存（第2次）：Bioinfo.Entites.Category 原因：60秒过期 EntityTree<,>.FindAllByParent(EntityTree<,>.TKey parentKey)<-Common_NewsForm.LoadCategoryIdData()
08:30:39.450 11 W - 完成更新缓存（第2次）：Bioinfo.Entites.Category
08:31:39.574 7 W - 更新实体缓存（第3次）：NewLife.CommonEntity.Menu 原因：60秒过期 Menu<>.GetCurrentMenu()<-.get_Current()
08:31:39.574 7 W - 完成更新缓存（第3次）：NewLife.CommonEntity.Menu
08:32:23.442 13 W - 初始化Bioinfo.Entites.Messages数据
08:32:29.043 14 W - 更新实体缓存（第3次）：Bioinfo.Entites.Category 原因：60秒过期 Category.FindById(Int32 id)<-News.get_Category()
08:32:29.043 14 W - 完成更新缓存（第3次）：Bioinfo.Entites.Category
08:32:29.545 14 W - 初始化Bioinfo.Entites.Setting数据
08:32:42.420 13 W - 更新实体缓存（第4次）：NewLife.CommonEntity.Menu 原因：60秒过期 Menu<>.GetCurrentMenu()<-.get_Current()
08:32:42.420 13 W - 完成更新缓存（第4次）：NewLife.CommonEntity.Menu
08:33:52.836 14 W - 更新实体缓存（第5次）：NewLife.CommonEntity.Menu 原因：60秒过期 Menu<>.GetCurrentMenu()<-.get_Current()
08:33:52.852 14 W - 完成更新缓存（第5次）：NewLife.CommonEntity.Menu
08:33:56.612 7 W - 更新实体缓存（第2次）：NewLife.YWS.Entities.MyRole 原因：60秒过期 Role<>.FindByID(Int32 id)<-
08:33:56.612 7 W - 完成更新缓存（第2次）：NewLife.YWS.Entities.MyRole
08:34:07.994 13 W - 更新实体缓存（第4次）：Bioinfo.Entites.Category 原因：60秒过期 Category.FindById(Int32 id)<-Setting.get_Category()
08:34:07.994 13 W - 完成更新缓存（第4次）：Bioinfo.Entites.Category
08:34:37.283 16 W - 更新实体缓存（第2次）：NewLife.CommonEntity.RoleMenu 原因：60秒过期 EntityCache<>.XCode.Cache.IEntityCache.get_Entities()<-Pages_RoleMenu.FindByRoleAndMenu(Int32 roleID,Int32 menuID)
08:34:37.283 16 W - 完成更新缓存（第2次）：NewLife.CommonEntity.RoleMenu
08:34:42.260 15 W - 异步更新实体缓存（第1次）：NewLife.CommonEntity.Log 原因：600秒过期
08:34:42.276 13 Y - 完成更新缓存（第1次）：NewLife.CommonEntity.Log
08:35:02.831 15 W - 更新实体缓存（第6次）：NewLife.CommonEntity.Menu 原因：60秒过期 Menu<>.GetCurrentMenu()<-.get_Current()
08:35:02.831 15 W - 完成更新缓存（第6次）：NewLife.CommonEntity.Menu
08:38:47.015 16 W - 更新实体缓存（第7次）：NewLife.CommonEntity.Menu 原因：60秒过期 Menu<>.GetCurrentMenu()<-.get_Current()
08:38:47.031 16 W - 完成更新缓存（第7次）：NewLife.CommonEntity.Menu
08:38:47.873 24 W - 更新实体缓存（第5次）：Bioinfo.Entites.Category 原因：60秒过期 Category.FindById(Int32 id)<-News.get_Category()
08:38:47.873 24 W - 完成更新缓存（第5次）：Bioinfo.Entites.Category
08:40:54.833 2 N - 清空单对象缓存：NewLife.CommonEntity.Setting

#Software: .
#ProcessID: 4772
#AppDomain: c5a66244-1-129932664609588322
#BaseDirectory: C:\DevelopMent\Bioinfo\BioinfoWebSite\
#Date: 2012-09-28
#Fields: Time ThreadID IsPoolThread ThreadName Message
08:41:01.636 4 W - NewLife.Core v3.8.2012.0803 Build 2012-09-25 12:03:50
08:41:01.640 4 W - 为NewLife.CommonEntity.IManageProvider配置注册YWSManageProvider，标识Identity=，优先级Priority=5！
08:41:03.012 4 W - NewLife.XCode v8.8.2012.0828 Build 2012-09-25 12:01:34
08:41:03.013 4 W - 一级缓存：关闭缓存
08:41:03.028 4 W - 更新实体缓存（第1次）：NewLife.YWS.Entities.Admin 原因：第一次 Administrator<>.FindByName(String name)<-.Login(String username,String password,Int32 hashTimes)
08:41:03.537 4 W - DropDefault(LastLogin)
08:41:03.580 4 W - 初始化NewLife.YWS.Entities.Admin数据
08:41:03.594 4 W - 开始检查连接[Common/MySql]的数据库架构……
08:41:03.676 4 W - [Common]的所有实体类（18个）：Sequence,GuidCategory,Administrator,Menu,Role,RoleMenu,Log,Area,User,Simple,SimpleTree,Setting,Statistics,UserProfile,Attachment,Category,MyRole,Admin
08:41:03.676 4 W - [Common]需要检查架构的实体类（2个）：MyRole,Admin
08:41:03.677 4 W - Common待检查表架构的实体个数：2
08:41:03.944 4 W - DropDefault(LastLogin)
08:41:03.978 4 W - 检查连接[Common/MySql]的数据库架构耗时00:00:00.3825917
08:41:04.001 4 W - 完成更新缓存（第1次）：NewLife.YWS.Entities.Admin
08:41:04.071 4 W - 清空实体缓存：NewLife.YWS.Entities.Admin 原因：修改数据后提交事务
08:41:04.095 4 W - 检查实体NewLife.CommonEntity.Log的数据表架构，模式：CheckTableWhenFirstUse
08:41:04.096 4 W - DropDefault(OccurTime)
08:41:04.096 4 W - AddDefault(OccurTime,)
08:41:04.096 4 W - 初始化NewLife.CommonEntity.Log数据
08:41:04.142 4 W - 更新实体缓存（第1次）：NewLife.YWS.Entities.MyRole 原因：第一次 Role<>.FindByID(Int32 id)<-
08:41:04.143 4 W - 初始化NewLife.YWS.Entities.MyRole数据
08:41:04.155 4 W - 检查实体NewLife.CommonEntity.RoleMenu的数据表架构，模式：CheckTableWhenFirstUse
08:41:04.159 4 W - 初始化NewLife.CommonEntity.RoleMenu数据
08:41:04.159 4 W - 如果某一个菜单对应的RoleMenu（角色菜单对应关系）为空或者只有一个，则授权第一个角色访问所有菜单！
08:41:04.173 4 W - 更新实体缓存（第1次）：NewLife.CommonEntity.Menu 原因：第一次 EntityTree<,>.FindAllByParent(EntityTree<,>.TKey parentKey)<-.FindChilds()
08:41:04.173 4 W - 检查实体NewLife.CommonEntity.Menu的数据表架构，模式：CheckTableWhenFirstUse
08:41:04.213 4 W - 初始化NewLife.CommonEntity.Menu数据
08:41:04.223 4 W - 完成更新缓存（第1次）：NewLife.CommonEntity.Menu
08:41:04.236 4 W - 更新实体缓存（第1次）：NewLife.CommonEntity.RoleMenu 原因：第一次 RoleMenu<>.CheckNonePerssion(Int32 menuID)<-Role<,,>.InitData()
08:41:04.240 4 W - 完成更新缓存（第1次）：NewLife.CommonEntity.RoleMenu
08:41:04.254 4 W - 完成更新缓存（第1次）：NewLife.YWS.Entities.MyRole
08:41:04.291 4 W - 检查实体NewLife.CommonEntity.Setting的数据表架构，模式：CheckTableWhenFirstUse
08:41:04.292 4 W - 初始化NewLife.CommonEntity.Setting数据
08:41:09.060 4 W - 初始化Bioinfo.Entites.News数据
08:41:09.121 4 W - 初始化Bioinfo.Entites.Category数据
08:41:09.126 4 W - 更新实体缓存（第1次）：Bioinfo.Entites.Category 原因：第一次 Category.FindById(Int32 id)<-News.get_Category()
08:41:09.130 4 W - 完成更新缓存（第1次）：Bioinfo.Entites.Category
08:41:10.043 11 W - 初始化Bioinfo.Entites.Setting数据
08:52:49.917 14 W - 实体缓存<Menu>总次数106，一级命中105（99.06%）
08:52:49.920 14 W - 更新实体缓存（第2次）：NewLife.CommonEntity.Menu 原因：60秒过期 Menu<>.GetCurrentMenu()<-.get_Current()
08:52:49.934 14 W - 完成更新缓存（第2次）：NewLife.CommonEntity.Menu
08:52:58.077 2 N - 清空单对象缓存：NewLife.CommonEntity.Setting

#Software: .
#ProcessID: 4964
#AppDomain: c5a66244-1-129932672266960346
#BaseDirectory: C:\DevelopMent\Bioinfo\BioinfoWebSite\
#Date: 2012-09-28
#Fields: Time ThreadID IsPoolThread ThreadName Message
08:53:47.366 4 W - NewLife.Core v3.8.2012.0803 Build 2012-09-25 12:03:50
08:53:47.366 4 W - 为NewLife.CommonEntity.IManageProvider配置注册YWSManageProvider，标识Identity=，优先级Priority=5！
08:53:49.082 9 W - NewLife.XCode v8.8.2012.0828 Build 2012-09-25 12:01:34
08:53:49.082 9 W - 检查实体NewLife.CommonEntity.Setting的数据表架构，模式：CheckTableWhenFirstUse
08:53:49.207 9 W - 初始化NewLife.CommonEntity.Setting数据
08:53:49.223 9 W - 开始检查连接[Common/MySql]的数据库架构……
08:53:49.301 9 W - [Common]的所有实体类（18个）：Sequence,GuidCategory,Administrator,Menu,Role,RoleMenu,Log,Area,User,Simple,SimpleTree,Setting,Statistics,UserProfile,Attachment,Category,MyRole,Admin
08:53:49.301 9 W - [Common]需要检查架构的实体类（2个）：MyRole,Admin
08:53:49.301 9 W - Common待检查表架构的实体个数：2
08:53:49.394 4 Y - DropDefault(LastLogin)
08:53:49.566 9 W - DropDefault(LastLogin)
08:53:49.613 9 W - 检查连接[Common/MySql]的数据库架构耗时00:00:00.3973248
08:53:49.613 4 Y - 初始化NewLife.YWS.Entities.Admin数据
08:53:49.613 9 W - 一级缓存：关闭缓存
08:53:51.641 9 W - 更新实体缓存（第1次）：NewLife.YWS.Entities.Admin 原因：第一次 Administrator<>.FindByName(String name)<-.Login(String username,String password,Int32 hashTimes)
08:53:51.656 9 W - 完成更新缓存（第1次）：NewLife.YWS.Entities.Admin
08:53:51.672 9 W - 清空实体缓存：NewLife.YWS.Entities.Admin 原因：修改数据后提交事务
08:53:51.706 9 W - 检查实体NewLife.CommonEntity.Log的数据表架构，模式：CheckTableWhenFirstUse
08:53:51.706 9 W - DropDefault(OccurTime)
08:53:51.706 9 W - AddDefault(OccurTime,)
08:53:51.706 9 W - 初始化NewLife.CommonEntity.Log数据
08:53:51.756 9 W - 更新实体缓存（第1次）：NewLife.YWS.Entities.MyRole 原因：第一次 Role<>.FindByID(Int32 id)<-
08:53:51.756 9 W - 初始化NewLife.YWS.Entities.MyRole数据
08:53:51.776 9 W - 检查实体NewLife.CommonEntity.RoleMenu的数据表架构，模式：CheckTableWhenFirstUse
08:53:51.776 9 W - 初始化NewLife.CommonEntity.RoleMenu数据
08:53:51.776 9 W - 如果某一个菜单对应的RoleMenu（角色菜单对应关系）为空或者只有一个，则授权第一个角色访问所有菜单！
08:53:51.797 9 W - 更新实体缓存（第1次）：NewLife.CommonEntity.Menu 原因：第一次 EntityTree<,>.FindAllByParent(EntityTree<,>.TKey parentKey)<-.FindChilds()
08:53:51.798 9 W - 检查实体NewLife.CommonEntity.Menu的数据表架构，模式：CheckTableWhenFirstUse
08:53:51.829 9 W - 初始化NewLife.CommonEntity.Menu数据
08:53:51.829 9 W - 完成更新缓存（第1次）：NewLife.CommonEntity.Menu
08:53:51.844 9 W - 更新实体缓存（第1次）：NewLife.CommonEntity.RoleMenu 原因：第一次 RoleMenu<>.CheckNonePerssion(Int32 menuID)<-Role<,,>.InitData()
08:53:51.844 9 W - 完成更新缓存（第1次）：NewLife.CommonEntity.RoleMenu
08:53:51.860 9 W - 完成更新缓存（第1次）：NewLife.YWS.Entities.MyRole
08:53:58.334 4 W - 初始化Bioinfo.Entites.News数据
08:53:58.374 4 W - 初始化Bioinfo.Entites.Category数据
08:53:58.384 4 W - 更新实体缓存（第1次）：Bioinfo.Entites.Category 原因：第一次 Category.FindById(Int32 id)<-News.get_Category()
08:53:58.384 4 W - 完成更新缓存（第1次）：Bioinfo.Entites.Category
08:53:58.644 4 W - 初始化Bioinfo.Entites.Setting数据
09:04:10.599 2 N - 清空单对象缓存：NewLife.CommonEntity.Setting
